03-Dec-2024 00:43:33.197 INFO [main] org.apache.catalina.startup.VersionLoggerListener.log Server version name:   Apache Tomcat/10.1.15
03-Dec-2024 00:43:33.201 INFO [main] org.apache.catalina.startup.VersionLoggerListener.log Server built:          Oct 11 2023 23:38:40 UTC
03-Dec-2024 00:43:33.201 INFO [main] org.apache.catalina.startup.VersionLoggerListener.log Server version number: 10.1.15.0
03-Dec-2024 00:43:33.201 INFO [main] org.apache.catalina.startup.VersionLoggerListener.log OS Name:               Linux
03-Dec-2024 00:43:33.201 INFO [main] org.apache.catalina.startup.VersionLoggerListener.log OS Version:            6.8.0-48-generic
03-Dec-2024 00:43:33.201 INFO [main] org.apache.catalina.startup.VersionLoggerListener.log Architecture:          amd64
03-Dec-2024 00:43:33.202 INFO [main] org.apache.catalina.startup.VersionLoggerListener.log Java Home:             /usr/lib/jvm/java-21-openjdk-amd64
03-Dec-2024 00:43:33.202 INFO [main] org.apache.catalina.startup.VersionLoggerListener.log JVM Version:           21.0.5+11-Ubuntu-1ubuntu124.04
03-Dec-2024 00:43:33.202 INFO [main] org.apache.catalina.startup.VersionLoggerListener.log JVM Vendor:            Ubuntu
03-Dec-2024 00:43:33.202 INFO [main] org.apache.catalina.startup.VersionLoggerListener.log CATALINA_BASE:         /home/samuel/Documents/2_Brighton/sem1/lab/LargeScaleDataProcessing/4_5_week/apache-tomcat-10.1.15
03-Dec-2024 00:43:33.202 INFO [main] org.apache.catalina.startup.VersionLoggerListener.log CATALINA_HOME:         /home/samuel/Documents/2_Brighton/sem1/lab/LargeScaleDataProcessing/4_5_week/apache-tomcat-10.1.15
03-Dec-2024 00:43:33.211 INFO [main] org.apache.catalina.startup.VersionLoggerListener.log Command line argument: -Djava.util.logging.config.file=/home/samuel/Documents/2_Brighton/sem1/lab/LargeScaleDataProcessing/4_5_week/apache-tomcat-10.1.15/conf/logging.properties
03-Dec-2024 00:43:33.211 INFO [main] org.apache.catalina.startup.VersionLoggerListener.log Command line argument: -Djava.util.logging.manager=org.apache.juli.ClassLoaderLogManager
03-Dec-2024 00:43:33.211 INFO [main] org.apache.catalina.startup.VersionLoggerListener.log Command line argument: -Djdk.tls.ephemeralDHKeySize=2048
03-Dec-2024 00:43:33.211 INFO [main] org.apache.catalina.startup.VersionLoggerListener.log Command line argument: -Djava.protocol.handler.pkgs=org.apache.catalina.webresources
03-Dec-2024 00:43:33.211 INFO [main] org.apache.catalina.startup.VersionLoggerListener.log Command line argument: -Dorg.apache.catalina.security.SecurityListener.UMASK=0027
03-Dec-2024 00:43:33.211 INFO [main] org.apache.catalina.startup.VersionLoggerListener.log Command line argument: --add-opens=java.base/java.lang=ALL-UNNAMED
03-Dec-2024 00:43:33.211 INFO [main] org.apache.catalina.startup.VersionLoggerListener.log Command line argument: --add-opens=java.base/java.io=ALL-UNNAMED
03-Dec-2024 00:43:33.211 INFO [main] org.apache.catalina.startup.VersionLoggerListener.log Command line argument: --add-opens=java.base/java.util=ALL-UNNAMED
03-Dec-2024 00:43:33.212 INFO [main] org.apache.catalina.startup.VersionLoggerListener.log Command line argument: --add-opens=java.base/java.util.concurrent=ALL-UNNAMED
03-Dec-2024 00:43:33.212 INFO [main] org.apache.catalina.startup.VersionLoggerListener.log Command line argument: --add-opens=java.rmi/sun.rmi.transport=ALL-UNNAMED
03-Dec-2024 00:43:33.212 INFO [main] org.apache.catalina.startup.VersionLoggerListener.log Command line argument: -Dcatalina.base=/home/samuel/Documents/2_Brighton/sem1/lab/LargeScaleDataProcessing/4_5_week/apache-tomcat-10.1.15
03-Dec-2024 00:43:33.212 INFO [main] org.apache.catalina.startup.VersionLoggerListener.log Command line argument: -Dcatalina.home=/home/samuel/Documents/2_Brighton/sem1/lab/LargeScaleDataProcessing/4_5_week/apache-tomcat-10.1.15
03-Dec-2024 00:43:33.212 INFO [main] org.apache.catalina.startup.VersionLoggerListener.log Command line argument: -Djava.io.tmpdir=/home/samuel/Documents/2_Brighton/sem1/lab/LargeScaleDataProcessing/4_5_week/apache-tomcat-10.1.15/temp
03-Dec-2024 00:43:33.213 INFO [main] org.apache.catalina.core.AprLifecycleListener.lifecycleEvent The Apache Tomcat Native library which allows using OpenSSL was not found on the java.library.path: [/usr/java/packages/lib:/usr/lib/x86_64-linux-gnu/jni:/lib/x86_64-linux-gnu:/usr/lib/x86_64-linux-gnu:/usr/lib/jni:/lib:/usr/lib]
03-Dec-2024 00:43:33.432 INFO [main] org.apache.coyote.AbstractProtocol.init Initializing ProtocolHandler ["http-nio-8080"]
03-Dec-2024 00:43:33.452 INFO [main] org.apache.catalina.startup.Catalina.load Server initialization in [385] milliseconds
03-Dec-2024 00:43:33.484 INFO [main] org.apache.catalina.core.StandardService.startInternal Starting service [Catalina]
03-Dec-2024 00:43:33.484 INFO [main] org.apache.catalina.core.StandardEngine.startInternal Starting Servlet engine: [Apache Tomcat/10.1.15]
03-Dec-2024 00:43:33.490 INFO [main] org.apache.catalina.startup.HostConfig.deployDirectory Deploying web application directory [/home/samuel/Documents/2_Brighton/sem1/lab/LargeScaleDataProcessing/4_5_week/apache-tomcat-10.1.15/webapps/ci502]
03-Dec-2024 00:43:33.725 INFO [main] org.apache.catalina.startup.HostConfig.deployDirectory Deployment of web application directory [/home/samuel/Documents/2_Brighton/sem1/lab/LargeScaleDataProcessing/4_5_week/apache-tomcat-10.1.15/webapps/ci502] has finished in [234] ms
03-Dec-2024 00:43:33.725 INFO [main] org.apache.catalina.startup.HostConfig.deployDirectory Deploying web application directory [/home/samuel/Documents/2_Brighton/sem1/lab/LargeScaleDataProcessing/4_5_week/apache-tomcat-10.1.15/webapps/ROOT]
03-Dec-2024 00:43:33.745 INFO [main] org.apache.catalina.startup.HostConfig.deployDirectory Deployment of web application directory [/home/samuel/Documents/2_Brighton/sem1/lab/LargeScaleDataProcessing/4_5_week/apache-tomcat-10.1.15/webapps/ROOT] has finished in [20] ms
03-Dec-2024 00:43:33.746 INFO [main] org.apache.catalina.startup.HostConfig.deployDirectory Deploying web application directory [/home/samuel/Documents/2_Brighton/sem1/lab/LargeScaleDataProcessing/4_5_week/apache-tomcat-10.1.15/webapps/examples]
03-Dec-2024 00:43:33.912 INFO [main] org.apache.catalina.startup.HostConfig.deployDirectory Deployment of web application directory [/home/samuel/Documents/2_Brighton/sem1/lab/LargeScaleDataProcessing/4_5_week/apache-tomcat-10.1.15/webapps/examples] has finished in [167] ms
03-Dec-2024 00:43:33.912 INFO [main] org.apache.catalina.startup.HostConfig.deployDirectory Deploying web application directory [/home/samuel/Documents/2_Brighton/sem1/lab/LargeScaleDataProcessing/4_5_week/apache-tomcat-10.1.15/webapps/manager]
03-Dec-2024 00:43:33.936 INFO [main] org.apache.catalina.startup.HostConfig.deployDirectory Deployment of web application directory [/home/samuel/Documents/2_Brighton/sem1/lab/LargeScaleDataProcessing/4_5_week/apache-tomcat-10.1.15/webapps/manager] has finished in [23] ms
03-Dec-2024 00:43:33.936 INFO [main] org.apache.catalina.startup.HostConfig.deployDirectory Deploying web application directory [/home/samuel/Documents/2_Brighton/sem1/lab/LargeScaleDataProcessing/4_5_week/apache-tomcat-10.1.15/webapps/docs]
03-Dec-2024 00:43:33.948 INFO [main] org.apache.catalina.startup.HostConfig.deployDirectory Deployment of web application directory [/home/samuel/Documents/2_Brighton/sem1/lab/LargeScaleDataProcessing/4_5_week/apache-tomcat-10.1.15/webapps/docs] has finished in [12] ms
03-Dec-2024 00:43:33.949 INFO [main] org.apache.catalina.startup.HostConfig.deployDirectory Deploying web application directory [/home/samuel/Documents/2_Brighton/sem1/lab/LargeScaleDataProcessing/4_5_week/apache-tomcat-10.1.15/webapps/host-manager]
03-Dec-2024 00:43:33.963 INFO [main] org.apache.catalina.startup.HostConfig.deployDirectory Deployment of web application directory [/home/samuel/Documents/2_Brighton/sem1/lab/LargeScaleDataProcessing/4_5_week/apache-tomcat-10.1.15/webapps/host-manager] has finished in [14] ms
03-Dec-2024 00:43:33.966 INFO [main] org.apache.coyote.AbstractProtocol.start Starting ProtocolHandler ["http-nio-8080"]
03-Dec-2024 00:43:33.974 INFO [main] org.apache.catalina.startup.Catalina.start Server startup in [520] milliseconds
03-Dec-2024 01:01:44.111 INFO [Catalina-utility-1] org.apache.catalina.startup.HostConfig.deployDirectory Deploying web application directory [/home/samuel/Documents/2_Brighton/sem1/lab/LargeScaleDataProcessing/4_5_week/apache-tomcat-10.1.15/webapps/week4]
03-Dec-2024 01:01:44.132 INFO [Catalina-utility-1] org.apache.catalina.startup.HostConfig.deployDirectory Deployment of web application directory [/home/samuel/Documents/2_Brighton/sem1/lab/LargeScaleDataProcessing/4_5_week/apache-tomcat-10.1.15/webapps/week4] has finished in [21] ms
03-Dec-2024 01:03:09.646 INFO [main] org.apache.catalina.core.StandardServer.await A valid shutdown command was received via the shutdown port. Stopping the Server instance.
03-Dec-2024 01:03:09.646 INFO [main] org.apache.coyote.AbstractProtocol.pause Pausing ProtocolHandler ["http-nio-8080"]
03-Dec-2024 01:03:09.648 INFO [main] org.apache.catalina.core.StandardService.stopInternal Stopping service [Catalina]
03-Dec-2024 01:03:09.669 INFO [main] org.apache.coyote.AbstractProtocol.stop Stopping ProtocolHandler ["http-nio-8080"]
03-Dec-2024 01:03:09.671 INFO [main] org.apache.coyote.AbstractProtocol.destroy Destroying ProtocolHandler ["http-nio-8080"]
03-Dec-2024 01:03:22.151 INFO [main] org.apache.catalina.startup.VersionLoggerListener.log Server version name:   Apache Tomcat/10.1.15
03-Dec-2024 01:03:22.155 INFO [main] org.apache.catalina.startup.VersionLoggerListener.log Server built:          Oct 11 2023 23:38:40 UTC
03-Dec-2024 01:03:22.156 INFO [main] org.apache.catalina.startup.VersionLoggerListener.log Server version number: 10.1.15.0
03-Dec-2024 01:03:22.156 INFO [main] org.apache.catalina.startup.VersionLoggerListener.log OS Name:               Linux
03-Dec-2024 01:03:22.156 INFO [main] org.apache.catalina.startup.VersionLoggerListener.log OS Version:            6.8.0-48-generic
03-Dec-2024 01:03:22.156 INFO [main] org.apache.catalina.startup.VersionLoggerListener.log Architecture:          amd64
03-Dec-2024 01:03:22.156 INFO [main] org.apache.catalina.startup.VersionLoggerListener.log Java Home:             /usr/lib/jvm/java-21-openjdk-amd64
03-Dec-2024 01:03:22.156 INFO [main] org.apache.catalina.startup.VersionLoggerListener.log JVM Version:           21.0.5+11-Ubuntu-1ubuntu124.04
03-Dec-2024 01:03:22.156 INFO [main] org.apache.catalina.startup.VersionLoggerListener.log JVM Vendor:            Ubuntu
03-Dec-2024 01:03:22.156 INFO [main] org.apache.catalina.startup.VersionLoggerListener.log CATALINA_BASE:         /home/samuel/Documents/2_Brighton/sem1/lab/LargeScaleDataProcessing/4_5_week/apache-tomcat-10.1.15
03-Dec-2024 01:03:22.157 INFO [main] org.apache.catalina.startup.VersionLoggerListener.log CATALINA_HOME:         /home/samuel/Documents/2_Brighton/sem1/lab/LargeScaleDataProcessing/4_5_week/apache-tomcat-10.1.15
03-Dec-2024 01:03:22.163 INFO [main] org.apache.catalina.startup.VersionLoggerListener.log Command line argument: -Djava.util.logging.config.file=/home/samuel/Documents/2_Brighton/sem1/lab/LargeScaleDataProcessing/4_5_week/apache-tomcat-10.1.15/conf/logging.properties
03-Dec-2024 01:03:22.164 INFO [main] org.apache.catalina.startup.VersionLoggerListener.log Command line argument: -Djava.util.logging.manager=org.apache.juli.ClassLoaderLogManager
03-Dec-2024 01:03:22.164 INFO [main] org.apache.catalina.startup.VersionLoggerListener.log Command line argument: -Djdk.tls.ephemeralDHKeySize=2048
03-Dec-2024 01:03:22.164 INFO [main] org.apache.catalina.startup.VersionLoggerListener.log Command line argument: -Djava.protocol.handler.pkgs=org.apache.catalina.webresources
03-Dec-2024 01:03:22.164 INFO [main] org.apache.catalina.startup.VersionLoggerListener.log Command line argument: -Dorg.apache.catalina.security.SecurityListener.UMASK=0027
03-Dec-2024 01:03:22.164 INFO [main] org.apache.catalina.startup.VersionLoggerListener.log Command line argument: --add-opens=java.base/java.lang=ALL-UNNAMED
03-Dec-2024 01:03:22.164 INFO [main] org.apache.catalina.startup.VersionLoggerListener.log Command line argument: --add-opens=java.base/java.io=ALL-UNNAMED
03-Dec-2024 01:03:22.164 INFO [main] org.apache.catalina.startup.VersionLoggerListener.log Command line argument: --add-opens=java.base/java.util=ALL-UNNAMED
03-Dec-2024 01:03:22.164 INFO [main] org.apache.catalina.startup.VersionLoggerListener.log Command line argument: --add-opens=java.base/java.util.concurrent=ALL-UNNAMED
03-Dec-2024 01:03:22.164 INFO [main] org.apache.catalina.startup.VersionLoggerListener.log Command line argument: --add-opens=java.rmi/sun.rmi.transport=ALL-UNNAMED
03-Dec-2024 01:03:22.164 INFO [main] org.apache.catalina.startup.VersionLoggerListener.log Command line argument: -Dcatalina.base=/home/samuel/Documents/2_Brighton/sem1/lab/LargeScaleDataProcessing/4_5_week/apache-tomcat-10.1.15
03-Dec-2024 01:03:22.164 INFO [main] org.apache.catalina.startup.VersionLoggerListener.log Command line argument: -Dcatalina.home=/home/samuel/Documents/2_Brighton/sem1/lab/LargeScaleDataProcessing/4_5_week/apache-tomcat-10.1.15
03-Dec-2024 01:03:22.164 INFO [main] org.apache.catalina.startup.VersionLoggerListener.log Command line argument: -Djava.io.tmpdir=/home/samuel/Documents/2_Brighton/sem1/lab/LargeScaleDataProcessing/4_5_week/apache-tomcat-10.1.15/temp
03-Dec-2024 01:03:22.166 INFO [main] org.apache.catalina.core.AprLifecycleListener.lifecycleEvent The Apache Tomcat Native library which allows using OpenSSL was not found on the java.library.path: [/usr/java/packages/lib:/usr/lib/x86_64-linux-gnu/jni:/lib/x86_64-linux-gnu:/usr/lib/x86_64-linux-gnu:/usr/lib/jni:/lib:/usr/lib]
03-Dec-2024 01:03:22.359 INFO [main] org.apache.coyote.AbstractProtocol.init Initializing ProtocolHandler ["http-nio-8080"]
03-Dec-2024 01:03:22.378 INFO [main] org.apache.catalina.startup.Catalina.load Server initialization in [336] milliseconds
03-Dec-2024 01:03:22.411 INFO [main] org.apache.catalina.core.StandardService.startInternal Starting service [Catalina]
03-Dec-2024 01:03:22.412 INFO [main] org.apache.catalina.core.StandardEngine.startInternal Starting Servlet engine: [Apache Tomcat/10.1.15]
03-Dec-2024 01:03:22.419 INFO [main] org.apache.catalina.startup.HostConfig.deployDirectory Deploying web application directory [/home/samuel/Documents/2_Brighton/sem1/lab/LargeScaleDataProcessing/4_5_week/apache-tomcat-10.1.15/webapps/ci502]
03-Dec-2024 01:03:22.639 INFO [main] org.apache.catalina.startup.HostConfig.deployDirectory Deployment of web application directory [/home/samuel/Documents/2_Brighton/sem1/lab/LargeScaleDataProcessing/4_5_week/apache-tomcat-10.1.15/webapps/ci502] has finished in [219] ms
03-Dec-2024 01:03:22.639 INFO [main] org.apache.catalina.startup.HostConfig.deployDirectory Deploying web application directory [/home/samuel/Documents/2_Brighton/sem1/lab/LargeScaleDataProcessing/4_5_week/apache-tomcat-10.1.15/webapps/ROOT]
03-Dec-2024 01:03:22.656 INFO [main] org.apache.catalina.startup.HostConfig.deployDirectory Deployment of web application directory [/home/samuel/Documents/2_Brighton/sem1/lab/LargeScaleDataProcessing/4_5_week/apache-tomcat-10.1.15/webapps/ROOT] has finished in [17] ms
03-Dec-2024 01:03:22.657 INFO [main] org.apache.catalina.startup.HostConfig.deployDirectory Deploying web application directory [/home/samuel/Documents/2_Brighton/sem1/lab/LargeScaleDataProcessing/4_5_week/apache-tomcat-10.1.15/webapps/examples]
03-Dec-2024 01:03:22.811 INFO [main] org.apache.catalina.startup.HostConfig.deployDirectory Deployment of web application directory [/home/samuel/Documents/2_Brighton/sem1/lab/LargeScaleDataProcessing/4_5_week/apache-tomcat-10.1.15/webapps/examples] has finished in [155] ms
03-Dec-2024 01:03:22.811 INFO [main] org.apache.catalina.startup.HostConfig.deployDirectory Deploying web application directory [/home/samuel/Documents/2_Brighton/sem1/lab/LargeScaleDataProcessing/4_5_week/apache-tomcat-10.1.15/webapps/manager]
03-Dec-2024 01:03:22.835 INFO [main] org.apache.catalina.startup.HostConfig.deployDirectory Deployment of web application directory [/home/samuel/Documents/2_Brighton/sem1/lab/LargeScaleDataProcessing/4_5_week/apache-tomcat-10.1.15/webapps/manager] has finished in [24] ms
03-Dec-2024 01:03:22.835 INFO [main] org.apache.catalina.startup.HostConfig.deployDirectory Deploying web application directory [/home/samuel/Documents/2_Brighton/sem1/lab/LargeScaleDataProcessing/4_5_week/apache-tomcat-10.1.15/webapps/docs]
03-Dec-2024 01:03:22.847 INFO [main] org.apache.catalina.startup.HostConfig.deployDirectory Deployment of web application directory [/home/samuel/Documents/2_Brighton/sem1/lab/LargeScaleDataProcessing/4_5_week/apache-tomcat-10.1.15/webapps/docs] has finished in [11] ms
03-Dec-2024 01:03:22.847 INFO [main] org.apache.catalina.startup.HostConfig.deployDirectory Deploying web application directory [/home/samuel/Documents/2_Brighton/sem1/lab/LargeScaleDataProcessing/4_5_week/apache-tomcat-10.1.15/webapps/host-manager]
03-Dec-2024 01:03:22.859 INFO [main] org.apache.catalina.startup.HostConfig.deployDirectory Deployment of web application directory [/home/samuel/Documents/2_Brighton/sem1/lab/LargeScaleDataProcessing/4_5_week/apache-tomcat-10.1.15/webapps/host-manager] has finished in [12] ms
03-Dec-2024 01:03:22.860 INFO [main] org.apache.catalina.startup.HostConfig.deployDirectory Deploying web application directory [/home/samuel/Documents/2_Brighton/sem1/lab/LargeScaleDataProcessing/4_5_week/apache-tomcat-10.1.15/webapps/week4]
03-Dec-2024 01:03:22.871 INFO [main] org.apache.catalina.startup.HostConfig.deployDirectory Deployment of web application directory [/home/samuel/Documents/2_Brighton/sem1/lab/LargeScaleDataProcessing/4_5_week/apache-tomcat-10.1.15/webapps/week4] has finished in [11] ms
03-Dec-2024 01:03:22.874 INFO [main] org.apache.coyote.AbstractProtocol.start Starting ProtocolHandler ["http-nio-8080"]
03-Dec-2024 01:03:22.881 INFO [main] org.apache.catalina.startup.Catalina.start Server startup in [501] milliseconds
03-Dec-2024 01:04:20.705 INFO [main] org.apache.catalina.core.StandardServer.await A valid shutdown command was received via the shutdown port. Stopping the Server instance.
03-Dec-2024 01:04:20.713 INFO [main] org.apache.coyote.AbstractProtocol.pause Pausing ProtocolHandler ["http-nio-8080"]
03-Dec-2024 01:04:20.716 INFO [main] org.apache.catalina.core.StandardService.stopInternal Stopping service [Catalina]
03-Dec-2024 01:04:20.737 INFO [main] org.apache.coyote.AbstractProtocol.stop Stopping ProtocolHandler ["http-nio-8080"]
03-Dec-2024 01:04:20.749 INFO [main] org.apache.coyote.AbstractProtocol.destroy Destroying ProtocolHandler ["http-nio-8080"]
03-Dec-2024 01:04:23.677 INFO [main] org.apache.catalina.startup.VersionLoggerListener.log Server version name:   Apache Tomcat/10.1.15
03-Dec-2024 01:04:23.681 INFO [main] org.apache.catalina.startup.VersionLoggerListener.log Server built:          Oct 11 2023 23:38:40 UTC
03-Dec-2024 01:04:23.681 INFO [main] org.apache.catalina.startup.VersionLoggerListener.log Server version number: 10.1.15.0
03-Dec-2024 01:04:23.681 INFO [main] org.apache.catalina.startup.VersionLoggerListener.log OS Name:               Linux
03-Dec-2024 01:04:23.681 INFO [main] org.apache.catalina.startup.VersionLoggerListener.log OS Version:            6.8.0-48-generic
03-Dec-2024 01:04:23.681 INFO [main] org.apache.catalina.startup.VersionLoggerListener.log Architecture:          amd64
03-Dec-2024 01:04:23.681 INFO [main] org.apache.catalina.startup.VersionLoggerListener.log Java Home:             /usr/lib/jvm/java-21-openjdk-amd64
03-Dec-2024 01:04:23.682 INFO [main] org.apache.catalina.startup.VersionLoggerListener.log JVM Version:           21.0.5+11-Ubuntu-1ubuntu124.04
03-Dec-2024 01:04:23.682 INFO [main] org.apache.catalina.startup.VersionLoggerListener.log JVM Vendor:            Ubuntu
03-Dec-2024 01:04:23.682 INFO [main] org.apache.catalina.startup.VersionLoggerListener.log CATALINA_BASE:         /home/samuel/Documents/2_Brighton/sem1/lab/LargeScaleDataProcessing/4_5_week/apache-tomcat-10.1.15
03-Dec-2024 01:04:23.682 INFO [main] org.apache.catalina.startup.VersionLoggerListener.log CATALINA_HOME:         /home/samuel/Documents/2_Brighton/sem1/lab/LargeScaleDataProcessing/4_5_week/apache-tomcat-10.1.15
03-Dec-2024 01:04:23.688 INFO [main] org.apache.catalina.startup.VersionLoggerListener.log Command line argument: -Djava.util.logging.config.file=/home/samuel/Documents/2_Brighton/sem1/lab/LargeScaleDataProcessing/4_5_week/apache-tomcat-10.1.15/conf/logging.properties
03-Dec-2024 01:04:23.689 INFO [main] org.apache.catalina.startup.VersionLoggerListener.log Command line argument: -Djava.util.logging.manager=org.apache.juli.ClassLoaderLogManager
03-Dec-2024 01:04:23.689 INFO [main] org.apache.catalina.startup.VersionLoggerListener.log Command line argument: -Djdk.tls.ephemeralDHKeySize=2048
03-Dec-2024 01:04:23.689 INFO [main] org.apache.catalina.startup.VersionLoggerListener.log Command line argument: -Djava.protocol.handler.pkgs=org.apache.catalina.webresources
03-Dec-2024 01:04:23.689 INFO [main] org.apache.catalina.startup.VersionLoggerListener.log Command line argument: -Dorg.apache.catalina.security.SecurityListener.UMASK=0027
03-Dec-2024 01:04:23.689 INFO [main] org.apache.catalina.startup.VersionLoggerListener.log Command line argument: --add-opens=java.base/java.lang=ALL-UNNAMED
03-Dec-2024 01:04:23.689 INFO [main] org.apache.catalina.startup.VersionLoggerListener.log Command line argument: --add-opens=java.base/java.io=ALL-UNNAMED
03-Dec-2024 01:04:23.689 INFO [main] org.apache.catalina.startup.VersionLoggerListener.log Command line argument: --add-opens=java.base/java.util=ALL-UNNAMED
03-Dec-2024 01:04:23.689 INFO [main] org.apache.catalina.startup.VersionLoggerListener.log Command line argument: --add-opens=java.base/java.util.concurrent=ALL-UNNAMED
03-Dec-2024 01:04:23.689 INFO [main] org.apache.catalina.startup.VersionLoggerListener.log Command line argument: --add-opens=java.rmi/sun.rmi.transport=ALL-UNNAMED
03-Dec-2024 01:04:23.689 INFO [main] org.apache.catalina.startup.VersionLoggerListener.log Command line argument: -Dcatalina.base=/home/samuel/Documents/2_Brighton/sem1/lab/LargeScaleDataProcessing/4_5_week/apache-tomcat-10.1.15
03-Dec-2024 01:04:23.689 INFO [main] org.apache.catalina.startup.VersionLoggerListener.log Command line argument: -Dcatalina.home=/home/samuel/Documents/2_Brighton/sem1/lab/LargeScaleDataProcessing/4_5_week/apache-tomcat-10.1.15
03-Dec-2024 01:04:23.689 INFO [main] org.apache.catalina.startup.VersionLoggerListener.log Command line argument: -Djava.io.tmpdir=/home/samuel/Documents/2_Brighton/sem1/lab/LargeScaleDataProcessing/4_5_week/apache-tomcat-10.1.15/temp
03-Dec-2024 01:04:23.691 INFO [main] org.apache.catalina.core.AprLifecycleListener.lifecycleEvent The Apache Tomcat Native library which allows using OpenSSL was not found on the java.library.path: [/usr/java/packages/lib:/usr/lib/x86_64-linux-gnu/jni:/lib/x86_64-linux-gnu:/usr/lib/x86_64-linux-gnu:/usr/lib/jni:/lib:/usr/lib]
03-Dec-2024 01:04:23.885 INFO [main] org.apache.coyote.AbstractProtocol.init Initializing ProtocolHandler ["http-nio-8080"]
03-Dec-2024 01:04:23.906 INFO [main] org.apache.catalina.startup.Catalina.load Server initialization in [342] milliseconds
03-Dec-2024 01:04:23.943 INFO [main] org.apache.catalina.core.StandardService.startInternal Starting service [Catalina]
03-Dec-2024 01:04:23.944 INFO [main] org.apache.catalina.core.StandardEngine.startInternal Starting Servlet engine: [Apache Tomcat/10.1.15]
03-Dec-2024 01:04:23.951 INFO [main] org.apache.catalina.startup.HostConfig.deployDirectory Deploying web application directory [/home/samuel/Documents/2_Brighton/sem1/lab/LargeScaleDataProcessing/4_5_week/apache-tomcat-10.1.15/webapps/ci502]
03-Dec-2024 01:04:24.162 INFO [main] org.apache.catalina.startup.HostConfig.deployDirectory Deployment of web application directory [/home/samuel/Documents/2_Brighton/sem1/lab/LargeScaleDataProcessing/4_5_week/apache-tomcat-10.1.15/webapps/ci502] has finished in [211] ms
03-Dec-2024 01:04:24.162 INFO [main] org.apache.catalina.startup.HostConfig.deployDirectory Deploying web application directory [/home/samuel/Documents/2_Brighton/sem1/lab/LargeScaleDataProcessing/4_5_week/apache-tomcat-10.1.15/webapps/ROOT]
03-Dec-2024 01:04:24.179 INFO [main] org.apache.catalina.startup.HostConfig.deployDirectory Deployment of web application directory [/home/samuel/Documents/2_Brighton/sem1/lab/LargeScaleDataProcessing/4_5_week/apache-tomcat-10.1.15/webapps/ROOT] has finished in [17] ms
03-Dec-2024 01:04:24.179 INFO [main] org.apache.catalina.startup.HostConfig.deployDirectory Deploying web application directory [/home/samuel/Documents/2_Brighton/sem1/lab/LargeScaleDataProcessing/4_5_week/apache-tomcat-10.1.15/webapps/examples]
03-Dec-2024 01:04:24.333 INFO [main] org.apache.catalina.startup.HostConfig.deployDirectory Deployment of web application directory [/home/samuel/Documents/2_Brighton/sem1/lab/LargeScaleDataProcessing/4_5_week/apache-tomcat-10.1.15/webapps/examples] has finished in [154] ms
03-Dec-2024 01:04:24.333 INFO [main] org.apache.catalina.startup.HostConfig.deployDirectory Deploying web application directory [/home/samuel/Documents/2_Brighton/sem1/lab/LargeScaleDataProcessing/4_5_week/apache-tomcat-10.1.15/webapps/manager]
03-Dec-2024 01:04:24.354 INFO [main] org.apache.catalina.startup.HostConfig.deployDirectory Deployment of web application directory [/home/samuel/Documents/2_Brighton/sem1/lab/LargeScaleDataProcessing/4_5_week/apache-tomcat-10.1.15/webapps/manager] has finished in [21] ms
03-Dec-2024 01:04:24.354 INFO [main] org.apache.catalina.startup.HostConfig.deployDirectory Deploying web application directory [/home/samuel/Documents/2_Brighton/sem1/lab/LargeScaleDataProcessing/4_5_week/apache-tomcat-10.1.15/webapps/docs]
03-Dec-2024 01:04:24.366 INFO [main] org.apache.catalina.startup.HostConfig.deployDirectory Deployment of web application directory [/home/samuel/Documents/2_Brighton/sem1/lab/LargeScaleDataProcessing/4_5_week/apache-tomcat-10.1.15/webapps/docs] has finished in [12] ms
03-Dec-2024 01:04:24.366 INFO [main] org.apache.catalina.startup.HostConfig.deployDirectory Deploying web application directory [/home/samuel/Documents/2_Brighton/sem1/lab/LargeScaleDataProcessing/4_5_week/apache-tomcat-10.1.15/webapps/host-manager]
03-Dec-2024 01:04:24.379 INFO [main] org.apache.catalina.startup.HostConfig.deployDirectory Deployment of web application directory [/home/samuel/Documents/2_Brighton/sem1/lab/LargeScaleDataProcessing/4_5_week/apache-tomcat-10.1.15/webapps/host-manager] has finished in [13] ms
03-Dec-2024 01:04:24.380 INFO [main] org.apache.catalina.startup.HostConfig.deployDirectory Deploying web application directory [/home/samuel/Documents/2_Brighton/sem1/lab/LargeScaleDataProcessing/4_5_week/apache-tomcat-10.1.15/webapps/week4]
03-Dec-2024 01:04:24.391 INFO [main] org.apache.catalina.startup.HostConfig.deployDirectory Deployment of web application directory [/home/samuel/Documents/2_Brighton/sem1/lab/LargeScaleDataProcessing/4_5_week/apache-tomcat-10.1.15/webapps/week4] has finished in [12] ms
03-Dec-2024 01:04:24.394 INFO [main] org.apache.coyote.AbstractProtocol.start Starting ProtocolHandler ["http-nio-8080"]
03-Dec-2024 01:04:24.402 INFO [main] org.apache.catalina.startup.Catalina.start Server startup in [494] milliseconds
