05-Nov-2024 12:28:41.353 INFO [main] org.apache.catalina.startup.VersionLoggerListener.log Server version name:   Apache Tomcat/10.1.15
05-Nov-2024 12:28:41.357 INFO [main] org.apache.catalina.startup.VersionLoggerListener.log Server built:          Oct 11 2023 23:38:40 UTC
05-Nov-2024 12:28:41.357 INFO [main] org.apache.catalina.startup.VersionLoggerListener.log Server version number: 10.1.15.0
05-Nov-2024 12:28:41.357 INFO [main] org.apache.catalina.startup.VersionLoggerListener.log OS Name:               Linux
05-Nov-2024 12:28:41.357 INFO [main] org.apache.catalina.startup.VersionLoggerListener.log OS Version:            6.8.0-45-generic
05-Nov-2024 12:28:41.357 INFO [main] org.apache.catalina.startup.VersionLoggerListener.log Architecture:          amd64
05-Nov-2024 12:28:41.357 INFO [main] org.apache.catalina.startup.VersionLoggerListener.log Java Home:             /usr/lib/jvm/java-21-openjdk-amd64
05-Nov-2024 12:28:41.357 INFO [main] org.apache.catalina.startup.VersionLoggerListener.log JVM Version:           21.0.4+7-Ubuntu-1ubuntu224.04
05-Nov-2024 12:28:41.357 INFO [main] org.apache.catalina.startup.VersionLoggerListener.log JVM Vendor:            Ubuntu
05-Nov-2024 12:28:41.357 INFO [main] org.apache.catalina.startup.VersionLoggerListener.log CATALINA_BASE:         /home/samuel/Documents/2_Brighton/sem1/lab/LargeScaleDataProcessing/week4_5/apache-tomcat-10.1.15
05-Nov-2024 12:28:41.357 INFO [main] org.apache.catalina.startup.VersionLoggerListener.log CATALINA_HOME:         /home/samuel/Documents/2_Brighton/sem1/lab/LargeScaleDataProcessing/week4_5/apache-tomcat-10.1.15
05-Nov-2024 12:28:41.367 INFO [main] org.apache.catalina.startup.VersionLoggerListener.log Command line argument: -Djava.util.logging.config.file=/home/samuel/Documents/2_Brighton/sem1/lab/LargeScaleDataProcessing/week4_5/apache-tomcat-10.1.15/conf/logging.properties
05-Nov-2024 12:28:41.367 INFO [main] org.apache.catalina.startup.VersionLoggerListener.log Command line argument: -Djava.util.logging.manager=org.apache.juli.ClassLoaderLogManager
05-Nov-2024 12:28:41.367 INFO [main] org.apache.catalina.startup.VersionLoggerListener.log Command line argument: -Djdk.tls.ephemeralDHKeySize=2048
05-Nov-2024 12:28:41.367 INFO [main] org.apache.catalina.startup.VersionLoggerListener.log Command line argument: -Djava.protocol.handler.pkgs=org.apache.catalina.webresources
05-Nov-2024 12:28:41.367 INFO [main] org.apache.catalina.startup.VersionLoggerListener.log Command line argument: -Dorg.apache.catalina.security.SecurityListener.UMASK=0027
05-Nov-2024 12:28:41.367 INFO [main] org.apache.catalina.startup.VersionLoggerListener.log Command line argument: --add-opens=java.base/java.lang=ALL-UNNAMED
05-Nov-2024 12:28:41.367 INFO [main] org.apache.catalina.startup.VersionLoggerListener.log Command line argument: --add-opens=java.base/java.io=ALL-UNNAMED
05-Nov-2024 12:28:41.367 INFO [main] org.apache.catalina.startup.VersionLoggerListener.log Command line argument: --add-opens=java.base/java.util=ALL-UNNAMED
05-Nov-2024 12:28:41.367 INFO [main] org.apache.catalina.startup.VersionLoggerListener.log Command line argument: --add-opens=java.base/java.util.concurrent=ALL-UNNAMED
05-Nov-2024 12:28:41.367 INFO [main] org.apache.catalina.startup.VersionLoggerListener.log Command line argument: --add-opens=java.rmi/sun.rmi.transport=ALL-UNNAMED
05-Nov-2024 12:28:41.367 INFO [main] org.apache.catalina.startup.VersionLoggerListener.log Command line argument: -Dcatalina.base=/home/samuel/Documents/2_Brighton/sem1/lab/LargeScaleDataProcessing/week4_5/apache-tomcat-10.1.15
05-Nov-2024 12:28:41.368 INFO [main] org.apache.catalina.startup.VersionLoggerListener.log Command line argument: -Dcatalina.home=/home/samuel/Documents/2_Brighton/sem1/lab/LargeScaleDataProcessing/week4_5/apache-tomcat-10.1.15
05-Nov-2024 12:28:41.368 INFO [main] org.apache.catalina.startup.VersionLoggerListener.log Command line argument: -Djava.io.tmpdir=/home/samuel/Documents/2_Brighton/sem1/lab/LargeScaleDataProcessing/week4_5/apache-tomcat-10.1.15/temp
05-Nov-2024 12:28:41.369 INFO [main] org.apache.catalina.core.AprLifecycleListener.lifecycleEvent The Apache Tomcat Native library which allows using OpenSSL was not found on the java.library.path: [/usr/java/packages/lib:/usr/lib/x86_64-linux-gnu/jni:/lib/x86_64-linux-gnu:/usr/lib/x86_64-linux-gnu:/usr/lib/jni:/lib:/usr/lib]
05-Nov-2024 12:28:41.578 INFO [main] org.apache.coyote.AbstractProtocol.init Initializing ProtocolHandler ["http-nio-8080"]
05-Nov-2024 12:28:41.600 INFO [main] org.apache.catalina.startup.Catalina.load Server initialization in [389] milliseconds
05-Nov-2024 12:28:41.638 INFO [main] org.apache.catalina.core.StandardService.startInternal Starting service [Catalina]
05-Nov-2024 12:28:41.638 INFO [main] org.apache.catalina.core.StandardEngine.startInternal Starting Servlet engine: [Apache Tomcat/10.1.15]
05-Nov-2024 12:28:41.644 INFO [main] org.apache.catalina.startup.HostConfig.deployDirectory Deploying web application directory [/home/samuel/Documents/2_Brighton/sem1/lab/LargeScaleDataProcessing/week4_5/apache-tomcat-10.1.15/webapps/ci502]
05-Nov-2024 12:28:41.885 INFO [main] org.apache.catalina.startup.HostConfig.deployDirectory Deployment of web application directory [/home/samuel/Documents/2_Brighton/sem1/lab/LargeScaleDataProcessing/week4_5/apache-tomcat-10.1.15/webapps/ci502] has finished in [241] ms
05-Nov-2024 12:28:41.886 INFO [main] org.apache.catalina.startup.HostConfig.deployDirectory Deploying web application directory [/home/samuel/Documents/2_Brighton/sem1/lab/LargeScaleDataProcessing/week4_5/apache-tomcat-10.1.15/webapps/ROOT]
05-Nov-2024 12:28:41.904 INFO [main] org.apache.catalina.startup.HostConfig.deployDirectory Deployment of web application directory [/home/samuel/Documents/2_Brighton/sem1/lab/LargeScaleDataProcessing/week4_5/apache-tomcat-10.1.15/webapps/ROOT] has finished in [17] ms
05-Nov-2024 12:28:41.904 INFO [main] org.apache.catalina.startup.HostConfig.deployDirectory Deploying web application directory [/home/samuel/Documents/2_Brighton/sem1/lab/LargeScaleDataProcessing/week4_5/apache-tomcat-10.1.15/webapps/examples]
05-Nov-2024 12:28:42.084 INFO [main] org.apache.catalina.startup.HostConfig.deployDirectory Deployment of web application directory [/home/samuel/Documents/2_Brighton/sem1/lab/LargeScaleDataProcessing/week4_5/apache-tomcat-10.1.15/webapps/examples] has finished in [180] ms
05-Nov-2024 12:28:42.085 INFO [main] org.apache.catalina.startup.HostConfig.deployDirectory Deploying web application directory [/home/samuel/Documents/2_Brighton/sem1/lab/LargeScaleDataProcessing/week4_5/apache-tomcat-10.1.15/webapps/manager]
05-Nov-2024 12:28:42.107 INFO [main] org.apache.catalina.startup.HostConfig.deployDirectory Deployment of web application directory [/home/samuel/Documents/2_Brighton/sem1/lab/LargeScaleDataProcessing/week4_5/apache-tomcat-10.1.15/webapps/manager] has finished in [22] ms
05-Nov-2024 12:28:42.107 INFO [main] org.apache.catalina.startup.HostConfig.deployDirectory Deploying web application directory [/home/samuel/Documents/2_Brighton/sem1/lab/LargeScaleDataProcessing/week4_5/apache-tomcat-10.1.15/webapps/docs]
05-Nov-2024 12:28:42.121 INFO [main] org.apache.catalina.startup.HostConfig.deployDirectory Deployment of web application directory [/home/samuel/Documents/2_Brighton/sem1/lab/LargeScaleDataProcessing/week4_5/apache-tomcat-10.1.15/webapps/docs] has finished in [14] ms
05-Nov-2024 12:28:42.122 INFO [main] org.apache.catalina.startup.HostConfig.deployDirectory Deploying web application directory [/home/samuel/Documents/2_Brighton/sem1/lab/LargeScaleDataProcessing/week4_5/apache-tomcat-10.1.15/webapps/host-manager]
05-Nov-2024 12:28:42.137 INFO [main] org.apache.catalina.startup.HostConfig.deployDirectory Deployment of web application directory [/home/samuel/Documents/2_Brighton/sem1/lab/LargeScaleDataProcessing/week4_5/apache-tomcat-10.1.15/webapps/host-manager] has finished in [16] ms
05-Nov-2024 12:28:42.140 INFO [main] org.apache.coyote.AbstractProtocol.start Starting ProtocolHandler ["http-nio-8080"]
05-Nov-2024 12:28:42.149 INFO [main] org.apache.catalina.startup.Catalina.start Server startup in [546] milliseconds
05-Nov-2024 12:33:02.216 INFO [Catalina-utility-2] org.apache.catalina.startup.HostConfig.deployDirectory Deploying web application directory [/home/samuel/Documents/2_Brighton/sem1/lab/LargeScaleDataProcessing/week4_5/apache-tomcat-10.1.15/webapps/mvc]
05-Nov-2024 12:33:02.229 INFO [Catalina-utility-2] org.apache.catalina.startup.HostConfig.deployDirectory Deployment of web application directory [/home/samuel/Documents/2_Brighton/sem1/lab/LargeScaleDataProcessing/week4_5/apache-tomcat-10.1.15/webapps/mvc] has finished in [12] ms
05-Nov-2024 12:33:12.731 INFO [Catalina-utility-2] org.apache.catalina.startup.HostConfig.undeploy Undeploying context [/mvc]
05-Nov-2024 12:34:25.717 INFO [main] org.apache.catalina.core.StandardServer.await A valid shutdown command was received via the shutdown port. Stopping the Server instance.
05-Nov-2024 12:34:25.718 INFO [main] org.apache.coyote.AbstractProtocol.pause Pausing ProtocolHandler ["http-nio-8080"]
05-Nov-2024 12:34:25.720 INFO [main] org.apache.catalina.core.StandardService.stopInternal Stopping service [Catalina]
05-Nov-2024 12:34:25.730 INFO [main] org.apache.coyote.AbstractProtocol.stop Stopping ProtocolHandler ["http-nio-8080"]
05-Nov-2024 12:34:25.733 INFO [main] org.apache.coyote.AbstractProtocol.destroy Destroying ProtocolHandler ["http-nio-8080"]
05-Nov-2024 12:34:31.414 INFO [main] org.apache.catalina.startup.VersionLoggerListener.log Server version name:   Apache Tomcat/10.1.15
05-Nov-2024 12:34:31.418 INFO [main] org.apache.catalina.startup.VersionLoggerListener.log Server built:          Oct 11 2023 23:38:40 UTC
05-Nov-2024 12:34:31.418 INFO [main] org.apache.catalina.startup.VersionLoggerListener.log Server version number: 10.1.15.0
05-Nov-2024 12:34:31.418 INFO [main] org.apache.catalina.startup.VersionLoggerListener.log OS Name:               Linux
05-Nov-2024 12:34:31.418 INFO [main] org.apache.catalina.startup.VersionLoggerListener.log OS Version:            6.8.0-45-generic
05-Nov-2024 12:34:31.418 INFO [main] org.apache.catalina.startup.VersionLoggerListener.log Architecture:          amd64
05-Nov-2024 12:34:31.418 INFO [main] org.apache.catalina.startup.VersionLoggerListener.log Java Home:             /usr/lib/jvm/java-21-openjdk-amd64
05-Nov-2024 12:34:31.418 INFO [main] org.apache.catalina.startup.VersionLoggerListener.log JVM Version:           21.0.4+7-Ubuntu-1ubuntu224.04
05-Nov-2024 12:34:31.419 INFO [main] org.apache.catalina.startup.VersionLoggerListener.log JVM Vendor:            Ubuntu
05-Nov-2024 12:34:31.419 INFO [main] org.apache.catalina.startup.VersionLoggerListener.log CATALINA_BASE:         /home/samuel/Documents/2_Brighton/sem1/lab/LargeScaleDataProcessing/week4_5/apache-tomcat-10.1.15
05-Nov-2024 12:34:31.419 INFO [main] org.apache.catalina.startup.VersionLoggerListener.log CATALINA_HOME:         /home/samuel/Documents/2_Brighton/sem1/lab/LargeScaleDataProcessing/week4_5/apache-tomcat-10.1.15
05-Nov-2024 12:34:31.426 INFO [main] org.apache.catalina.startup.VersionLoggerListener.log Command line argument: -Djava.util.logging.config.file=/home/samuel/Documents/2_Brighton/sem1/lab/LargeScaleDataProcessing/week4_5/apache-tomcat-10.1.15/conf/logging.properties
05-Nov-2024 12:34:31.426 INFO [main] org.apache.catalina.startup.VersionLoggerListener.log Command line argument: -Djava.util.logging.manager=org.apache.juli.ClassLoaderLogManager
05-Nov-2024 12:34:31.426 INFO [main] org.apache.catalina.startup.VersionLoggerListener.log Command line argument: -Djdk.tls.ephemeralDHKeySize=2048
05-Nov-2024 12:34:31.426 INFO [main] org.apache.catalina.startup.VersionLoggerListener.log Command line argument: -Djava.protocol.handler.pkgs=org.apache.catalina.webresources
05-Nov-2024 12:34:31.426 INFO [main] org.apache.catalina.startup.VersionLoggerListener.log Command line argument: -Dorg.apache.catalina.security.SecurityListener.UMASK=0027
05-Nov-2024 12:34:31.427 INFO [main] org.apache.catalina.startup.VersionLoggerListener.log Command line argument: --add-opens=java.base/java.lang=ALL-UNNAMED
05-Nov-2024 12:34:31.427 INFO [main] org.apache.catalina.startup.VersionLoggerListener.log Command line argument: --add-opens=java.base/java.io=ALL-UNNAMED
05-Nov-2024 12:34:31.427 INFO [main] org.apache.catalina.startup.VersionLoggerListener.log Command line argument: --add-opens=java.base/java.util=ALL-UNNAMED
05-Nov-2024 12:34:31.427 INFO [main] org.apache.catalina.startup.VersionLoggerListener.log Command line argument: --add-opens=java.base/java.util.concurrent=ALL-UNNAMED
05-Nov-2024 12:34:31.427 INFO [main] org.apache.catalina.startup.VersionLoggerListener.log Command line argument: --add-opens=java.rmi/sun.rmi.transport=ALL-UNNAMED
05-Nov-2024 12:34:31.427 INFO [main] org.apache.catalina.startup.VersionLoggerListener.log Command line argument: -Dcatalina.base=/home/samuel/Documents/2_Brighton/sem1/lab/LargeScaleDataProcessing/week4_5/apache-tomcat-10.1.15
05-Nov-2024 12:34:31.427 INFO [main] org.apache.catalina.startup.VersionLoggerListener.log Command line argument: -Dcatalina.home=/home/samuel/Documents/2_Brighton/sem1/lab/LargeScaleDataProcessing/week4_5/apache-tomcat-10.1.15
05-Nov-2024 12:34:31.427 INFO [main] org.apache.catalina.startup.VersionLoggerListener.log Command line argument: -Djava.io.tmpdir=/home/samuel/Documents/2_Brighton/sem1/lab/LargeScaleDataProcessing/week4_5/apache-tomcat-10.1.15/temp
05-Nov-2024 12:34:31.428 INFO [main] org.apache.catalina.core.AprLifecycleListener.lifecycleEvent The Apache Tomcat Native library which allows using OpenSSL was not found on the java.library.path: [/usr/java/packages/lib:/usr/lib/x86_64-linux-gnu/jni:/lib/x86_64-linux-gnu:/usr/lib/x86_64-linux-gnu:/usr/lib/jni:/lib:/usr/lib]
05-Nov-2024 12:34:31.623 INFO [main] org.apache.coyote.AbstractProtocol.init Initializing ProtocolHandler ["http-nio-8080"]
05-Nov-2024 12:34:31.641 INFO [main] org.apache.catalina.startup.Catalina.load Server initialization in [336] milliseconds
05-Nov-2024 12:34:31.674 INFO [main] org.apache.catalina.core.StandardService.startInternal Starting service [Catalina]
05-Nov-2024 12:34:31.674 INFO [main] org.apache.catalina.core.StandardEngine.startInternal Starting Servlet engine: [Apache Tomcat/10.1.15]
05-Nov-2024 12:34:31.681 INFO [main] org.apache.catalina.startup.HostConfig.deployDirectory Deploying web application directory [/home/samuel/Documents/2_Brighton/sem1/lab/LargeScaleDataProcessing/week4_5/apache-tomcat-10.1.15/webapps/ci502]
05-Nov-2024 12:34:31.928 INFO [main] org.apache.catalina.startup.HostConfig.deployDirectory Deployment of web application directory [/home/samuel/Documents/2_Brighton/sem1/lab/LargeScaleDataProcessing/week4_5/apache-tomcat-10.1.15/webapps/ci502] has finished in [247] ms
05-Nov-2024 12:34:31.929 INFO [main] org.apache.catalina.startup.HostConfig.deployDirectory Deploying web application directory [/home/samuel/Documents/2_Brighton/sem1/lab/LargeScaleDataProcessing/week4_5/apache-tomcat-10.1.15/webapps/ROOT]
05-Nov-2024 12:34:31.948 INFO [main] org.apache.catalina.startup.HostConfig.deployDirectory Deployment of web application directory [/home/samuel/Documents/2_Brighton/sem1/lab/LargeScaleDataProcessing/week4_5/apache-tomcat-10.1.15/webapps/ROOT] has finished in [18] ms
05-Nov-2024 12:34:31.948 INFO [main] org.apache.catalina.startup.HostConfig.deployDirectory Deploying web application directory [/home/samuel/Documents/2_Brighton/sem1/lab/LargeScaleDataProcessing/week4_5/apache-tomcat-10.1.15/webapps/examples]
05-Nov-2024 12:34:32.119 INFO [main] org.apache.catalina.startup.HostConfig.deployDirectory Deployment of web application directory [/home/samuel/Documents/2_Brighton/sem1/lab/LargeScaleDataProcessing/week4_5/apache-tomcat-10.1.15/webapps/examples] has finished in [170] ms
05-Nov-2024 12:34:32.119 INFO [main] org.apache.catalina.startup.HostConfig.deployDirectory Deploying web application directory [/home/samuel/Documents/2_Brighton/sem1/lab/LargeScaleDataProcessing/week4_5/apache-tomcat-10.1.15/webapps/manager]
05-Nov-2024 12:34:32.141 INFO [main] org.apache.catalina.startup.HostConfig.deployDirectory Deployment of web application directory [/home/samuel/Documents/2_Brighton/sem1/lab/LargeScaleDataProcessing/week4_5/apache-tomcat-10.1.15/webapps/manager] has finished in [21] ms
05-Nov-2024 12:34:32.141 INFO [main] org.apache.catalina.startup.HostConfig.deployDirectory Deploying web application directory [/home/samuel/Documents/2_Brighton/sem1/lab/LargeScaleDataProcessing/week4_5/apache-tomcat-10.1.15/webapps/docs]
05-Nov-2024 12:34:32.154 INFO [main] org.apache.catalina.startup.HostConfig.deployDirectory Deployment of web application directory [/home/samuel/Documents/2_Brighton/sem1/lab/LargeScaleDataProcessing/week4_5/apache-tomcat-10.1.15/webapps/docs] has finished in [12] ms
05-Nov-2024 12:34:32.154 INFO [main] org.apache.catalina.startup.HostConfig.deployDirectory Deploying web application directory [/home/samuel/Documents/2_Brighton/sem1/lab/LargeScaleDataProcessing/week4_5/apache-tomcat-10.1.15/webapps/host-manager]
05-Nov-2024 12:34:32.168 INFO [main] org.apache.catalina.startup.HostConfig.deployDirectory Deployment of web application directory [/home/samuel/Documents/2_Brighton/sem1/lab/LargeScaleDataProcessing/week4_5/apache-tomcat-10.1.15/webapps/host-manager] has finished in [14] ms
05-Nov-2024 12:34:32.171 INFO [main] org.apache.coyote.AbstractProtocol.start Starting ProtocolHandler ["http-nio-8080"]
05-Nov-2024 12:34:32.179 INFO [main] org.apache.catalina.startup.Catalina.start Server startup in [536] milliseconds
05-Nov-2024 12:37:36.990 INFO [main] org.apache.catalina.core.StandardServer.await A valid shutdown command was received via the shutdown port. Stopping the Server instance.
05-Nov-2024 12:37:36.998 INFO [main] org.apache.coyote.AbstractProtocol.pause Pausing ProtocolHandler ["http-nio-8080"]
05-Nov-2024 12:37:37.001 INFO [main] org.apache.catalina.core.StandardService.stopInternal Stopping service [Catalina]
05-Nov-2024 12:37:37.023 INFO [main] org.apache.coyote.AbstractProtocol.stop Stopping ProtocolHandler ["http-nio-8080"]
05-Nov-2024 12:37:37.034 INFO [main] org.apache.coyote.AbstractProtocol.destroy Destroying ProtocolHandler ["http-nio-8080"]
05-Nov-2024 12:37:42.449 INFO [main] org.apache.catalina.startup.VersionLoggerListener.log Server version name:   Apache Tomcat/10.1.15
05-Nov-2024 12:37:42.453 INFO [main] org.apache.catalina.startup.VersionLoggerListener.log Server built:          Oct 11 2023 23:38:40 UTC
05-Nov-2024 12:37:42.453 INFO [main] org.apache.catalina.startup.VersionLoggerListener.log Server version number: 10.1.15.0
05-Nov-2024 12:37:42.453 INFO [main] org.apache.catalina.startup.VersionLoggerListener.log OS Name:               Linux
05-Nov-2024 12:37:42.454 INFO [main] org.apache.catalina.startup.VersionLoggerListener.log OS Version:            6.8.0-45-generic
05-Nov-2024 12:37:42.454 INFO [main] org.apache.catalina.startup.VersionLoggerListener.log Architecture:          amd64
05-Nov-2024 12:37:42.454 INFO [main] org.apache.catalina.startup.VersionLoggerListener.log Java Home:             /usr/lib/jvm/java-21-openjdk-amd64
05-Nov-2024 12:37:42.454 INFO [main] org.apache.catalina.startup.VersionLoggerListener.log JVM Version:           21.0.4+7-Ubuntu-1ubuntu224.04
05-Nov-2024 12:37:42.454 INFO [main] org.apache.catalina.startup.VersionLoggerListener.log JVM Vendor:            Ubuntu
05-Nov-2024 12:37:42.454 INFO [main] org.apache.catalina.startup.VersionLoggerListener.log CATALINA_BASE:         /home/samuel/Documents/2_Brighton/sem1/lab/LargeScaleDataProcessing/week4_5/apache-tomcat-10.1.15
05-Nov-2024 12:37:42.454 INFO [main] org.apache.catalina.startup.VersionLoggerListener.log CATALINA_HOME:         /home/samuel/Documents/2_Brighton/sem1/lab/LargeScaleDataProcessing/week4_5/apache-tomcat-10.1.15
05-Nov-2024 12:37:42.462 INFO [main] org.apache.catalina.startup.VersionLoggerListener.log Command line argument: -Djava.util.logging.config.file=/home/samuel/Documents/2_Brighton/sem1/lab/LargeScaleDataProcessing/week4_5/apache-tomcat-10.1.15/conf/logging.properties
05-Nov-2024 12:37:42.462 INFO [main] org.apache.catalina.startup.VersionLoggerListener.log Command line argument: -Djava.util.logging.manager=org.apache.juli.ClassLoaderLogManager
05-Nov-2024 12:37:42.462 INFO [main] org.apache.catalina.startup.VersionLoggerListener.log Command line argument: -Djdk.tls.ephemeralDHKeySize=2048
05-Nov-2024 12:37:42.462 INFO [main] org.apache.catalina.startup.VersionLoggerListener.log Command line argument: -Djava.protocol.handler.pkgs=org.apache.catalina.webresources
05-Nov-2024 12:37:42.462 INFO [main] org.apache.catalina.startup.VersionLoggerListener.log Command line argument: -Dorg.apache.catalina.security.SecurityListener.UMASK=0027
05-Nov-2024 12:37:42.463 INFO [main] org.apache.catalina.startup.VersionLoggerListener.log Command line argument: --add-opens=java.base/java.lang=ALL-UNNAMED
05-Nov-2024 12:37:42.463 INFO [main] org.apache.catalina.startup.VersionLoggerListener.log Command line argument: --add-opens=java.base/java.io=ALL-UNNAMED
05-Nov-2024 12:37:42.463 INFO [main] org.apache.catalina.startup.VersionLoggerListener.log Command line argument: --add-opens=java.base/java.util=ALL-UNNAMED
05-Nov-2024 12:37:42.463 INFO [main] org.apache.catalina.startup.VersionLoggerListener.log Command line argument: --add-opens=java.base/java.util.concurrent=ALL-UNNAMED
05-Nov-2024 12:37:42.463 INFO [main] org.apache.catalina.startup.VersionLoggerListener.log Command line argument: --add-opens=java.rmi/sun.rmi.transport=ALL-UNNAMED
05-Nov-2024 12:37:42.463 INFO [main] org.apache.catalina.startup.VersionLoggerListener.log Command line argument: -Dcatalina.base=/home/samuel/Documents/2_Brighton/sem1/lab/LargeScaleDataProcessing/week4_5/apache-tomcat-10.1.15
05-Nov-2024 12:37:42.463 INFO [main] org.apache.catalina.startup.VersionLoggerListener.log Command line argument: -Dcatalina.home=/home/samuel/Documents/2_Brighton/sem1/lab/LargeScaleDataProcessing/week4_5/apache-tomcat-10.1.15
05-Nov-2024 12:37:42.463 INFO [main] org.apache.catalina.startup.VersionLoggerListener.log Command line argument: -Djava.io.tmpdir=/home/samuel/Documents/2_Brighton/sem1/lab/LargeScaleDataProcessing/week4_5/apache-tomcat-10.1.15/temp
05-Nov-2024 12:37:42.465 INFO [main] org.apache.catalina.core.AprLifecycleListener.lifecycleEvent The Apache Tomcat Native library which allows using OpenSSL was not found on the java.library.path: [/usr/java/packages/lib:/usr/lib/x86_64-linux-gnu/jni:/lib/x86_64-linux-gnu:/usr/lib/x86_64-linux-gnu:/usr/lib/jni:/lib:/usr/lib]
05-Nov-2024 12:37:42.659 INFO [main] org.apache.coyote.AbstractProtocol.init Initializing ProtocolHandler ["http-nio-8080"]
05-Nov-2024 12:37:42.677 INFO [main] org.apache.catalina.startup.Catalina.load Server initialization in [336] milliseconds
05-Nov-2024 12:37:42.713 INFO [main] org.apache.catalina.core.StandardService.startInternal Starting service [Catalina]
05-Nov-2024 12:37:42.714 INFO [main] org.apache.catalina.core.StandardEngine.startInternal Starting Servlet engine: [Apache Tomcat/10.1.15]
05-Nov-2024 12:37:42.721 INFO [main] org.apache.catalina.startup.HostConfig.deployDirectory Deploying web application directory [/home/samuel/Documents/2_Brighton/sem1/lab/LargeScaleDataProcessing/week4_5/apache-tomcat-10.1.15/webapps/ci502]
05-Nov-2024 12:37:42.948 INFO [main] org.apache.catalina.startup.HostConfig.deployDirectory Deployment of web application directory [/home/samuel/Documents/2_Brighton/sem1/lab/LargeScaleDataProcessing/week4_5/apache-tomcat-10.1.15/webapps/ci502] has finished in [227] ms
05-Nov-2024 12:37:42.948 INFO [main] org.apache.catalina.startup.HostConfig.deployDirectory Deploying web application directory [/home/samuel/Documents/2_Brighton/sem1/lab/LargeScaleDataProcessing/week4_5/apache-tomcat-10.1.15/webapps/ROOT]
05-Nov-2024 12:37:42.965 INFO [main] org.apache.catalina.startup.HostConfig.deployDirectory Deployment of web application directory [/home/samuel/Documents/2_Brighton/sem1/lab/LargeScaleDataProcessing/week4_5/apache-tomcat-10.1.15/webapps/ROOT] has finished in [17] ms
05-Nov-2024 12:37:42.965 INFO [main] org.apache.catalina.startup.HostConfig.deployDirectory Deploying web application directory [/home/samuel/Documents/2_Brighton/sem1/lab/LargeScaleDataProcessing/week4_5/apache-tomcat-10.1.15/webapps/examples]
05-Nov-2024 12:37:43.117 INFO [main] org.apache.catalina.startup.HostConfig.deployDirectory Deployment of web application directory [/home/samuel/Documents/2_Brighton/sem1/lab/LargeScaleDataProcessing/week4_5/apache-tomcat-10.1.15/webapps/examples] has finished in [152] ms
05-Nov-2024 12:37:43.118 INFO [main] org.apache.catalina.startup.HostConfig.deployDirectory Deploying web application directory [/home/samuel/Documents/2_Brighton/sem1/lab/LargeScaleDataProcessing/week4_5/apache-tomcat-10.1.15/webapps/manager]
05-Nov-2024 12:37:43.139 INFO [main] org.apache.catalina.startup.HostConfig.deployDirectory Deployment of web application directory [/home/samuel/Documents/2_Brighton/sem1/lab/LargeScaleDataProcessing/week4_5/apache-tomcat-10.1.15/webapps/manager] has finished in [21] ms
05-Nov-2024 12:37:43.140 INFO [main] org.apache.catalina.startup.HostConfig.deployDirectory Deploying web application directory [/home/samuel/Documents/2_Brighton/sem1/lab/LargeScaleDataProcessing/week4_5/apache-tomcat-10.1.15/webapps/docs]
05-Nov-2024 12:37:43.152 INFO [main] org.apache.catalina.startup.HostConfig.deployDirectory Deployment of web application directory [/home/samuel/Documents/2_Brighton/sem1/lab/LargeScaleDataProcessing/week4_5/apache-tomcat-10.1.15/webapps/docs] has finished in [12] ms
05-Nov-2024 12:37:43.152 INFO [main] org.apache.catalina.startup.HostConfig.deployDirectory Deploying web application directory [/home/samuel/Documents/2_Brighton/sem1/lab/LargeScaleDataProcessing/week4_5/apache-tomcat-10.1.15/webapps/host-manager]
05-Nov-2024 12:37:43.166 INFO [main] org.apache.catalina.startup.HostConfig.deployDirectory Deployment of web application directory [/home/samuel/Documents/2_Brighton/sem1/lab/LargeScaleDataProcessing/week4_5/apache-tomcat-10.1.15/webapps/host-manager] has finished in [14] ms
05-Nov-2024 12:37:43.169 INFO [main] org.apache.coyote.AbstractProtocol.start Starting ProtocolHandler ["http-nio-8080"]
05-Nov-2024 12:37:43.177 INFO [main] org.apache.catalina.startup.Catalina.start Server startup in [498] milliseconds
05-Nov-2024 12:50:35.966 INFO [main] org.apache.catalina.startup.VersionLoggerListener.log Server version name:   Apache Tomcat/10.1.15
05-Nov-2024 12:50:35.992 INFO [main] org.apache.catalina.startup.VersionLoggerListener.log Server built:          Oct 11 2023 23:38:40 UTC
05-Nov-2024 12:50:35.993 INFO [main] org.apache.catalina.startup.VersionLoggerListener.log Server version number: 10.1.15.0
05-Nov-2024 12:50:35.993 INFO [main] org.apache.catalina.startup.VersionLoggerListener.log OS Name:               Linux
05-Nov-2024 12:50:35.993 INFO [main] org.apache.catalina.startup.VersionLoggerListener.log OS Version:            6.8.0-45-generic
05-Nov-2024 12:50:35.993 INFO [main] org.apache.catalina.startup.VersionLoggerListener.log Architecture:          amd64
05-Nov-2024 12:50:35.993 INFO [main] org.apache.catalina.startup.VersionLoggerListener.log Java Home:             /usr/lib/jvm/java-21-openjdk-amd64
05-Nov-2024 12:50:35.993 INFO [main] org.apache.catalina.startup.VersionLoggerListener.log JVM Version:           21.0.4+7-Ubuntu-1ubuntu224.04
05-Nov-2024 12:50:35.993 INFO [main] org.apache.catalina.startup.VersionLoggerListener.log JVM Vendor:            Ubuntu
05-Nov-2024 12:50:35.994 INFO [main] org.apache.catalina.startup.VersionLoggerListener.log CATALINA_BASE:         /home/samuel/Documents/2_Brighton/sem1/lab/LargeScaleDataProcessing/week4_5/apache-tomcat-10.1.15
05-Nov-2024 12:50:35.994 INFO [main] org.apache.catalina.startup.VersionLoggerListener.log CATALINA_HOME:         /home/samuel/Documents/2_Brighton/sem1/lab/LargeScaleDataProcessing/week4_5/apache-tomcat-10.1.15
05-Nov-2024 12:50:35.994 INFO [main] org.apache.catalina.startup.VersionLoggerListener.log Command line argument: -Djava.util.logging.config.file=/home/samuel/Documents/2_Brighton/sem1/lab/LargeScaleDataProcessing/week4_5/apache-tomcat-10.1.15/conf/logging.properties
05-Nov-2024 12:50:35.995 INFO [main] org.apache.catalina.startup.VersionLoggerListener.log Command line argument: -Djava.util.logging.manager=org.apache.juli.ClassLoaderLogManager
05-Nov-2024 12:50:35.995 INFO [main] org.apache.catalina.startup.VersionLoggerListener.log Command line argument: -Djdk.tls.ephemeralDHKeySize=2048
05-Nov-2024 12:50:35.995 INFO [main] org.apache.catalina.startup.VersionLoggerListener.log Command line argument: -Djava.protocol.handler.pkgs=org.apache.catalina.webresources
05-Nov-2024 12:50:35.995 INFO [main] org.apache.catalina.startup.VersionLoggerListener.log Command line argument: -Dorg.apache.catalina.security.SecurityListener.UMASK=0027
05-Nov-2024 12:50:35.995 INFO [main] org.apache.catalina.startup.VersionLoggerListener.log Command line argument: --add-opens=java.base/java.lang=ALL-UNNAMED
05-Nov-2024 12:50:35.995 INFO [main] org.apache.catalina.startup.VersionLoggerListener.log Command line argument: --add-opens=java.base/java.io=ALL-UNNAMED
05-Nov-2024 12:50:35.995 INFO [main] org.apache.catalina.startup.VersionLoggerListener.log Command line argument: --add-opens=java.base/java.util=ALL-UNNAMED
05-Nov-2024 12:50:35.995 INFO [main] org.apache.catalina.startup.VersionLoggerListener.log Command line argument: --add-opens=java.base/java.util.concurrent=ALL-UNNAMED
05-Nov-2024 12:50:35.995 INFO [main] org.apache.catalina.startup.VersionLoggerListener.log Command line argument: --add-opens=java.rmi/sun.rmi.transport=ALL-UNNAMED
05-Nov-2024 12:50:35.995 INFO [main] org.apache.catalina.startup.VersionLoggerListener.log Command line argument: -Dcatalina.base=/home/samuel/Documents/2_Brighton/sem1/lab/LargeScaleDataProcessing/week4_5/apache-tomcat-10.1.15
05-Nov-2024 12:50:35.995 INFO [main] org.apache.catalina.startup.VersionLoggerListener.log Command line argument: -Dcatalina.home=/home/samuel/Documents/2_Brighton/sem1/lab/LargeScaleDataProcessing/week4_5/apache-tomcat-10.1.15
05-Nov-2024 12:50:35.995 INFO [main] org.apache.catalina.startup.VersionLoggerListener.log Command line argument: -Djava.io.tmpdir=/home/samuel/Documents/2_Brighton/sem1/lab/LargeScaleDataProcessing/week4_5/apache-tomcat-10.1.15/temp
05-Nov-2024 12:50:35.997 INFO [main] org.apache.catalina.core.AprLifecycleListener.lifecycleEvent The Apache Tomcat Native library which allows using OpenSSL was not found on the java.library.path: [/usr/java/packages/lib:/usr/lib/x86_64-linux-gnu/jni:/lib/x86_64-linux-gnu:/usr/lib/x86_64-linux-gnu:/usr/lib/jni:/lib:/usr/lib]
05-Nov-2024 12:50:36.213 INFO [main] org.apache.coyote.AbstractProtocol.init Initializing ProtocolHandler ["http-nio-8080"]
05-Nov-2024 12:50:36.225 SEVERE [main] org.apache.catalina.util.LifecycleBase.handleSubClassException Failed to initialize component [Connector["http-nio-8080"]]
	org.apache.catalina.LifecycleException: Protocol handler initialization failed
		at org.apache.catalina.connector.Connector.initInternal(Connector.java:1015)
		at org.apache.catalina.util.LifecycleBase.init(LifecycleBase.java:127)
		at org.apache.catalina.core.StandardService.initInternal(StandardService.java:554)
		at org.apache.catalina.util.LifecycleBase.init(LifecycleBase.java:127)
		at org.apache.catalina.core.StandardServer.initInternal(StandardServer.java:1010)
		at org.apache.catalina.util.LifecycleBase.init(LifecycleBase.java:127)
		at org.apache.catalina.startup.Catalina.load(Catalina.java:747)
		at org.apache.catalina.startup.Catalina.load(Catalina.java:769)
		at java.base/jdk.internal.reflect.DirectMethodHandleAccessor.invoke(DirectMethodHandleAccessor.java:103)
		at java.base/java.lang.reflect.Method.invoke(Method.java:580)
		at org.apache.catalina.startup.Bootstrap.load(Bootstrap.java:307)
		at org.apache.catalina.startup.Bootstrap.main(Bootstrap.java:477)
	Caused by: java.net.BindException: Address already in use
		at java.base/sun.nio.ch.Net.bind0(Native Method)
		at java.base/sun.nio.ch.Net.bind(Net.java:565)
		at java.base/sun.nio.ch.ServerSocketChannelImpl.netBind(ServerSocketChannelImpl.java:344)
		at java.base/sun.nio.ch.ServerSocketChannelImpl.bind(ServerSocketChannelImpl.java:301)
		at org.apache.tomcat.util.net.NioEndpoint.initServerSocket(NioEndpoint.java:247)
		at org.apache.tomcat.util.net.NioEndpoint.bind(NioEndpoint.java:202)
		at org.apache.tomcat.util.net.AbstractEndpoint.bindWithCleanup(AbstractEndpoint.java:1280)
		at org.apache.tomcat.util.net.AbstractEndpoint.init(AbstractEndpoint.java:1293)
		at org.apache.coyote.AbstractProtocol.init(AbstractProtocol.java:624)
		at org.apache.coyote.http11.AbstractHttp11Protocol.init(AbstractHttp11Protocol.java:77)
		at org.apache.catalina.connector.Connector.initInternal(Connector.java:1013)
		... 11 more
05-Nov-2024 12:50:36.226 INFO [main] org.apache.catalina.startup.Catalina.load Server initialization in [365] milliseconds
05-Nov-2024 12:50:36.256 INFO [main] org.apache.catalina.core.StandardService.startInternal Starting service [Catalina]
05-Nov-2024 12:50:36.257 INFO [main] org.apache.catalina.core.StandardEngine.startInternal Starting Servlet engine: [Apache Tomcat/10.1.15]
05-Nov-2024 12:50:36.263 INFO [main] org.apache.catalina.startup.HostConfig.deployDirectory Deploying web application directory [/home/samuel/Documents/2_Brighton/sem1/lab/LargeScaleDataProcessing/week4_5/apache-tomcat-10.1.15/webapps/ci502]
05-Nov-2024 12:50:36.487 INFO [main] org.apache.catalina.startup.HostConfig.deployDirectory Deployment of web application directory [/home/samuel/Documents/2_Brighton/sem1/lab/LargeScaleDataProcessing/week4_5/apache-tomcat-10.1.15/webapps/ci502] has finished in [224] ms
05-Nov-2024 12:50:36.488 INFO [main] org.apache.catalina.startup.HostConfig.deployDirectory Deploying web application directory [/home/samuel/Documents/2_Brighton/sem1/lab/LargeScaleDataProcessing/week4_5/apache-tomcat-10.1.15/webapps/ROOT]
05-Nov-2024 12:50:36.503 INFO [main] org.apache.catalina.startup.HostConfig.deployDirectory Deployment of web application directory [/home/samuel/Documents/2_Brighton/sem1/lab/LargeScaleDataProcessing/week4_5/apache-tomcat-10.1.15/webapps/ROOT] has finished in [16] ms
05-Nov-2024 12:50:36.503 INFO [main] org.apache.catalina.startup.HostConfig.deployDirectory Deploying web application directory [/home/samuel/Documents/2_Brighton/sem1/lab/LargeScaleDataProcessing/week4_5/apache-tomcat-10.1.15/webapps/examples]
05-Nov-2024 12:50:36.651 INFO [main] org.apache.catalina.startup.HostConfig.deployDirectory Deployment of web application directory [/home/samuel/Documents/2_Brighton/sem1/lab/LargeScaleDataProcessing/week4_5/apache-tomcat-10.1.15/webapps/examples] has finished in [147] ms
05-Nov-2024 12:50:36.651 INFO [main] org.apache.catalina.startup.HostConfig.deployDirectory Deploying web application directory [/home/samuel/Documents/2_Brighton/sem1/lab/LargeScaleDataProcessing/week4_5/apache-tomcat-10.1.15/webapps/manager]
05-Nov-2024 12:50:36.673 INFO [main] org.apache.catalina.startup.HostConfig.deployDirectory Deployment of web application directory [/home/samuel/Documents/2_Brighton/sem1/lab/LargeScaleDataProcessing/week4_5/apache-tomcat-10.1.15/webapps/manager] has finished in [22] ms
05-Nov-2024 12:50:36.673 INFO [main] org.apache.catalina.startup.HostConfig.deployDirectory Deploying web application directory [/home/samuel/Documents/2_Brighton/sem1/lab/LargeScaleDataProcessing/week4_5/apache-tomcat-10.1.15/webapps/docs]
05-Nov-2024 12:50:36.685 INFO [main] org.apache.catalina.startup.HostConfig.deployDirectory Deployment of web application directory [/home/samuel/Documents/2_Brighton/sem1/lab/LargeScaleDataProcessing/week4_5/apache-tomcat-10.1.15/webapps/docs] has finished in [12] ms
05-Nov-2024 12:50:36.686 INFO [main] org.apache.catalina.startup.HostConfig.deployDirectory Deploying web application directory [/home/samuel/Documents/2_Brighton/sem1/lab/LargeScaleDataProcessing/week4_5/apache-tomcat-10.1.15/webapps/host-manager]
05-Nov-2024 12:50:36.699 INFO [main] org.apache.catalina.startup.HostConfig.deployDirectory Deployment of web application directory [/home/samuel/Documents/2_Brighton/sem1/lab/LargeScaleDataProcessing/week4_5/apache-tomcat-10.1.15/webapps/host-manager] has finished in [13] ms
05-Nov-2024 12:50:36.702 INFO [main] org.apache.catalina.startup.Catalina.start Server startup in [475] milliseconds
05-Nov-2024 12:50:36.706 SEVERE [main] org.apache.catalina.core.StandardServer.await Failed to create server shutdown socket on address [localhost] and port [8005] (base port [8005] and offset [0])
	java.net.BindException: Address already in use
		at java.base/sun.nio.ch.Net.bind0(Native Method)
		at java.base/sun.nio.ch.Net.bind(Net.java:565)
		at java.base/sun.nio.ch.Net.bind(Net.java:554)
		at java.base/sun.nio.ch.NioSocketImpl.bind(NioSocketImpl.java:636)
		at java.base/java.net.ServerSocket.bind(ServerSocket.java:391)
		at java.base/java.net.ServerSocket.<init>(ServerSocket.java:278)
		at org.apache.catalina.core.StandardServer.await(StandardServer.java:577)
		at org.apache.catalina.startup.Catalina.await(Catalina.java:887)
		at org.apache.catalina.startup.Catalina.start(Catalina.java:833)
		at java.base/jdk.internal.reflect.DirectMethodHandleAccessor.invoke(DirectMethodHandleAccessor.java:103)
		at java.base/java.lang.reflect.Method.invoke(Method.java:580)
		at org.apache.catalina.startup.Bootstrap.start(Bootstrap.java:347)
		at org.apache.catalina.startup.Bootstrap.main(Bootstrap.java:478)
05-Nov-2024 12:50:36.706 INFO [main] org.apache.coyote.AbstractProtocol.pause Pausing ProtocolHandler ["http-nio-8080"]
05-Nov-2024 12:50:36.706 INFO [main] org.apache.catalina.core.StandardService.stopInternal Stopping service [Catalina]
05-Nov-2024 12:50:36.723 INFO [main] org.apache.coyote.AbstractProtocol.stop Stopping ProtocolHandler ["http-nio-8080"]
05-Nov-2024 12:50:36.724 INFO [main] org.apache.coyote.AbstractProtocol.destroy Destroying ProtocolHandler ["http-nio-8080"]
05-Nov-2024 12:53:42.824 INFO [main] org.apache.catalina.core.StandardServer.await A valid shutdown command was received via the shutdown port. Stopping the Server instance.
05-Nov-2024 12:53:42.833 INFO [main] org.apache.coyote.AbstractProtocol.pause Pausing ProtocolHandler ["http-nio-8080"]
05-Nov-2024 12:53:42.836 INFO [main] org.apache.catalina.core.StandardService.stopInternal Stopping service [Catalina]
05-Nov-2024 12:53:42.857 INFO [main] org.apache.coyote.AbstractProtocol.stop Stopping ProtocolHandler ["http-nio-8080"]
05-Nov-2024 12:53:42.869 INFO [main] org.apache.coyote.AbstractProtocol.destroy Destroying ProtocolHandler ["http-nio-8080"]
05-Nov-2024 12:53:54.924 INFO [main] org.apache.catalina.startup.VersionLoggerListener.log Server version name:   Apache Tomcat/10.1.15
05-Nov-2024 12:53:54.946 INFO [main] org.apache.catalina.startup.VersionLoggerListener.log Server built:          Oct 11 2023 23:38:40 UTC
05-Nov-2024 12:53:54.947 INFO [main] org.apache.catalina.startup.VersionLoggerListener.log Server version number: 10.1.15.0
05-Nov-2024 12:53:54.947 INFO [main] org.apache.catalina.startup.VersionLoggerListener.log OS Name:               Linux
05-Nov-2024 12:53:54.947 INFO [main] org.apache.catalina.startup.VersionLoggerListener.log OS Version:            6.8.0-45-generic
05-Nov-2024 12:53:54.947 INFO [main] org.apache.catalina.startup.VersionLoggerListener.log Architecture:          amd64
05-Nov-2024 12:53:54.947 INFO [main] org.apache.catalina.startup.VersionLoggerListener.log Java Home:             /usr/lib/jvm/java-21-openjdk-amd64
05-Nov-2024 12:53:54.948 INFO [main] org.apache.catalina.startup.VersionLoggerListener.log JVM Version:           21.0.4+7-Ubuntu-1ubuntu224.04
05-Nov-2024 12:53:54.948 INFO [main] org.apache.catalina.startup.VersionLoggerListener.log JVM Vendor:            Ubuntu
05-Nov-2024 12:53:54.948 INFO [main] org.apache.catalina.startup.VersionLoggerListener.log CATALINA_BASE:         /home/samuel/Documents/2_Brighton/sem1/lab/LargeScaleDataProcessing/week4_5/apache-tomcat-10.1.15
05-Nov-2024 12:53:54.948 INFO [main] org.apache.catalina.startup.VersionLoggerListener.log CATALINA_HOME:         /home/samuel/Documents/2_Brighton/sem1/lab/LargeScaleDataProcessing/week4_5/apache-tomcat-10.1.15
05-Nov-2024 12:53:54.949 INFO [main] org.apache.catalina.startup.VersionLoggerListener.log Command line argument: -Djava.util.logging.config.file=/home/samuel/Documents/2_Brighton/sem1/lab/LargeScaleDataProcessing/week4_5/apache-tomcat-10.1.15/conf/logging.properties
05-Nov-2024 12:53:54.949 INFO [main] org.apache.catalina.startup.VersionLoggerListener.log Command line argument: -Djava.util.logging.manager=org.apache.juli.ClassLoaderLogManager
05-Nov-2024 12:53:54.949 INFO [main] org.apache.catalina.startup.VersionLoggerListener.log Command line argument: -Djdk.tls.ephemeralDHKeySize=2048
05-Nov-2024 12:53:54.949 INFO [main] org.apache.catalina.startup.VersionLoggerListener.log Command line argument: -Djava.protocol.handler.pkgs=org.apache.catalina.webresources
05-Nov-2024 12:53:54.949 INFO [main] org.apache.catalina.startup.VersionLoggerListener.log Command line argument: -Dorg.apache.catalina.security.SecurityListener.UMASK=0027
05-Nov-2024 12:53:54.949 INFO [main] org.apache.catalina.startup.VersionLoggerListener.log Command line argument: --add-opens=java.base/java.lang=ALL-UNNAMED
05-Nov-2024 12:53:54.949 INFO [main] org.apache.catalina.startup.VersionLoggerListener.log Command line argument: --add-opens=java.base/java.io=ALL-UNNAMED
05-Nov-2024 12:53:54.950 INFO [main] org.apache.catalina.startup.VersionLoggerListener.log Command line argument: --add-opens=java.base/java.util=ALL-UNNAMED
05-Nov-2024 12:53:54.950 INFO [main] org.apache.catalina.startup.VersionLoggerListener.log Command line argument: --add-opens=java.base/java.util.concurrent=ALL-UNNAMED
05-Nov-2024 12:53:54.950 INFO [main] org.apache.catalina.startup.VersionLoggerListener.log Command line argument: --add-opens=java.rmi/sun.rmi.transport=ALL-UNNAMED
05-Nov-2024 12:53:54.950 INFO [main] org.apache.catalina.startup.VersionLoggerListener.log Command line argument: -Dcatalina.base=/home/samuel/Documents/2_Brighton/sem1/lab/LargeScaleDataProcessing/week4_5/apache-tomcat-10.1.15
05-Nov-2024 12:53:54.950 INFO [main] org.apache.catalina.startup.VersionLoggerListener.log Command line argument: -Dcatalina.home=/home/samuel/Documents/2_Brighton/sem1/lab/LargeScaleDataProcessing/week4_5/apache-tomcat-10.1.15
05-Nov-2024 12:53:54.950 INFO [main] org.apache.catalina.startup.VersionLoggerListener.log Command line argument: -Djava.io.tmpdir=/home/samuel/Documents/2_Brighton/sem1/lab/LargeScaleDataProcessing/week4_5/apache-tomcat-10.1.15/temp
05-Nov-2024 12:53:54.951 INFO [main] org.apache.catalina.core.AprLifecycleListener.lifecycleEvent The Apache Tomcat Native library which allows using OpenSSL was not found on the java.library.path: [/usr/java/packages/lib:/usr/lib/x86_64-linux-gnu/jni:/lib/x86_64-linux-gnu:/usr/lib/x86_64-linux-gnu:/usr/lib/jni:/lib:/usr/lib]
05-Nov-2024 12:53:55.168 INFO [main] org.apache.coyote.AbstractProtocol.init Initializing ProtocolHandler ["http-nio-8080"]
05-Nov-2024 12:53:55.187 INFO [main] org.apache.catalina.startup.Catalina.load Server initialization in [370] milliseconds
05-Nov-2024 12:53:55.221 INFO [main] org.apache.catalina.core.StandardService.startInternal Starting service [Catalina]
05-Nov-2024 12:53:55.222 INFO [main] org.apache.catalina.core.StandardEngine.startInternal Starting Servlet engine: [Apache Tomcat/10.1.15]
05-Nov-2024 12:53:55.228 INFO [main] org.apache.catalina.startup.HostConfig.deployDirectory Deploying web application directory [/home/samuel/Documents/2_Brighton/sem1/lab/LargeScaleDataProcessing/week4_5/apache-tomcat-10.1.15/webapps/ci502]
05-Nov-2024 12:53:55.474 INFO [main] org.apache.catalina.startup.HostConfig.deployDirectory Deployment of web application directory [/home/samuel/Documents/2_Brighton/sem1/lab/LargeScaleDataProcessing/week4_5/apache-tomcat-10.1.15/webapps/ci502] has finished in [246] ms
05-Nov-2024 12:53:55.474 INFO [main] org.apache.catalina.startup.HostConfig.deployDirectory Deploying web application directory [/home/samuel/Documents/2_Brighton/sem1/lab/LargeScaleDataProcessing/week4_5/apache-tomcat-10.1.15/webapps/ROOT]
05-Nov-2024 12:53:55.492 INFO [main] org.apache.catalina.startup.HostConfig.deployDirectory Deployment of web application directory [/home/samuel/Documents/2_Brighton/sem1/lab/LargeScaleDataProcessing/week4_5/apache-tomcat-10.1.15/webapps/ROOT] has finished in [18] ms
05-Nov-2024 12:53:55.492 INFO [main] org.apache.catalina.startup.HostConfig.deployDirectory Deploying web application directory [/home/samuel/Documents/2_Brighton/sem1/lab/LargeScaleDataProcessing/week4_5/apache-tomcat-10.1.15/webapps/examples]
05-Nov-2024 12:53:55.672 INFO [main] org.apache.catalina.startup.HostConfig.deployDirectory Deployment of web application directory [/home/samuel/Documents/2_Brighton/sem1/lab/LargeScaleDataProcessing/week4_5/apache-tomcat-10.1.15/webapps/examples] has finished in [180] ms
05-Nov-2024 12:53:55.672 INFO [main] org.apache.catalina.startup.HostConfig.deployDirectory Deploying web application directory [/home/samuel/Documents/2_Brighton/sem1/lab/LargeScaleDataProcessing/week4_5/apache-tomcat-10.1.15/webapps/manager]
05-Nov-2024 12:53:55.695 INFO [main] org.apache.catalina.startup.HostConfig.deployDirectory Deployment of web application directory [/home/samuel/Documents/2_Brighton/sem1/lab/LargeScaleDataProcessing/week4_5/apache-tomcat-10.1.15/webapps/manager] has finished in [23] ms
05-Nov-2024 12:53:55.695 INFO [main] org.apache.catalina.startup.HostConfig.deployDirectory Deploying web application directory [/home/samuel/Documents/2_Brighton/sem1/lab/LargeScaleDataProcessing/week4_5/apache-tomcat-10.1.15/webapps/docs]
05-Nov-2024 12:53:55.708 INFO [main] org.apache.catalina.startup.HostConfig.deployDirectory Deployment of web application directory [/home/samuel/Documents/2_Brighton/sem1/lab/LargeScaleDataProcessing/week4_5/apache-tomcat-10.1.15/webapps/docs] has finished in [13] ms
05-Nov-2024 12:53:55.709 INFO [main] org.apache.catalina.startup.HostConfig.deployDirectory Deploying web application directory [/home/samuel/Documents/2_Brighton/sem1/lab/LargeScaleDataProcessing/week4_5/apache-tomcat-10.1.15/webapps/host-manager]
05-Nov-2024 12:53:55.723 INFO [main] org.apache.catalina.startup.HostConfig.deployDirectory Deployment of web application directory [/home/samuel/Documents/2_Brighton/sem1/lab/LargeScaleDataProcessing/week4_5/apache-tomcat-10.1.15/webapps/host-manager] has finished in [14] ms
05-Nov-2024 12:53:55.726 INFO [main] org.apache.coyote.AbstractProtocol.start Starting ProtocolHandler ["http-nio-8080"]
05-Nov-2024 12:53:55.733 INFO [main] org.apache.catalina.startup.Catalina.start Server startup in [545] milliseconds
05-Nov-2024 13:00:15.805 INFO [Catalina-utility-2] org.apache.catalina.startup.HostConfig.deployDirectory Deploying web application directory [/home/samuel/Documents/2_Brighton/sem1/lab/LargeScaleDataProcessing/week4_5/apache-tomcat-10.1.15/webapps/JSP]
05-Nov-2024 13:00:15.826 INFO [Catalina-utility-2] org.apache.catalina.startup.HostConfig.deployDirectory Deployment of web application directory [/home/samuel/Documents/2_Brighton/sem1/lab/LargeScaleDataProcessing/week4_5/apache-tomcat-10.1.15/webapps/JSP] has finished in [21] ms
05-Nov-2024 13:00:46.332 INFO [Catalina-utility-2] org.apache.catalina.startup.HostConfig.undeploy Undeploying context [/JSP]
05-Nov-2024 13:08:37.424 INFO [main] org.apache.catalina.core.StandardServer.await A valid shutdown command was received via the shutdown port. Stopping the Server instance.
05-Nov-2024 13:08:37.445 INFO [main] org.apache.coyote.AbstractProtocol.pause Pausing ProtocolHandler ["http-nio-8080"]
05-Nov-2024 13:08:37.448 INFO [main] org.apache.catalina.core.StandardService.stopInternal Stopping service [Catalina]
05-Nov-2024 13:08:37.461 INFO [main] org.apache.coyote.AbstractProtocol.stop Stopping ProtocolHandler ["http-nio-8080"]
05-Nov-2024 13:08:37.471 INFO [main] org.apache.coyote.AbstractProtocol.destroy Destroying ProtocolHandler ["http-nio-8080"]
05-Nov-2024 13:08:43.259 INFO [main] org.apache.catalina.startup.VersionLoggerListener.log Server version name:   Apache Tomcat/10.1.15
05-Nov-2024 13:08:43.263 INFO [main] org.apache.catalina.startup.VersionLoggerListener.log Server built:          Oct 11 2023 23:38:40 UTC
05-Nov-2024 13:08:43.263 INFO [main] org.apache.catalina.startup.VersionLoggerListener.log Server version number: 10.1.15.0
05-Nov-2024 13:08:43.263 INFO [main] org.apache.catalina.startup.VersionLoggerListener.log OS Name:               Linux
05-Nov-2024 13:08:43.263 INFO [main] org.apache.catalina.startup.VersionLoggerListener.log OS Version:            6.8.0-45-generic
05-Nov-2024 13:08:43.263 INFO [main] org.apache.catalina.startup.VersionLoggerListener.log Architecture:          amd64
05-Nov-2024 13:08:43.263 INFO [main] org.apache.catalina.startup.VersionLoggerListener.log Java Home:             /usr/lib/jvm/java-21-openjdk-amd64
05-Nov-2024 13:08:43.264 INFO [main] org.apache.catalina.startup.VersionLoggerListener.log JVM Version:           21.0.4+7-Ubuntu-1ubuntu224.04
05-Nov-2024 13:08:43.264 INFO [main] org.apache.catalina.startup.VersionLoggerListener.log JVM Vendor:            Ubuntu
05-Nov-2024 13:08:43.264 INFO [main] org.apache.catalina.startup.VersionLoggerListener.log CATALINA_BASE:         /home/samuel/Documents/2_Brighton/sem1/lab/LargeScaleDataProcessing/week4_5/apache-tomcat-10.1.15
05-Nov-2024 13:08:43.264 INFO [main] org.apache.catalina.startup.VersionLoggerListener.log CATALINA_HOME:         /home/samuel/Documents/2_Brighton/sem1/lab/LargeScaleDataProcessing/week4_5/apache-tomcat-10.1.15
05-Nov-2024 13:08:43.272 INFO [main] org.apache.catalina.startup.VersionLoggerListener.log Command line argument: -Djava.util.logging.config.file=/home/samuel/Documents/2_Brighton/sem1/lab/LargeScaleDataProcessing/week4_5/apache-tomcat-10.1.15/conf/logging.properties
05-Nov-2024 13:08:43.273 INFO [main] org.apache.catalina.startup.VersionLoggerListener.log Command line argument: -Djava.util.logging.manager=org.apache.juli.ClassLoaderLogManager
05-Nov-2024 13:08:43.273 INFO [main] org.apache.catalina.startup.VersionLoggerListener.log Command line argument: -Djdk.tls.ephemeralDHKeySize=2048
05-Nov-2024 13:08:43.273 INFO [main] org.apache.catalina.startup.VersionLoggerListener.log Command line argument: -Djava.protocol.handler.pkgs=org.apache.catalina.webresources
05-Nov-2024 13:08:43.273 INFO [main] org.apache.catalina.startup.VersionLoggerListener.log Command line argument: -Dorg.apache.catalina.security.SecurityListener.UMASK=0027
05-Nov-2024 13:08:43.273 INFO [main] org.apache.catalina.startup.VersionLoggerListener.log Command line argument: --add-opens=java.base/java.lang=ALL-UNNAMED
05-Nov-2024 13:08:43.273 INFO [main] org.apache.catalina.startup.VersionLoggerListener.log Command line argument: --add-opens=java.base/java.io=ALL-UNNAMED
05-Nov-2024 13:08:43.273 INFO [main] org.apache.catalina.startup.VersionLoggerListener.log Command line argument: --add-opens=java.base/java.util=ALL-UNNAMED
05-Nov-2024 13:08:43.273 INFO [main] org.apache.catalina.startup.VersionLoggerListener.log Command line argument: --add-opens=java.base/java.util.concurrent=ALL-UNNAMED
05-Nov-2024 13:08:43.273 INFO [main] org.apache.catalina.startup.VersionLoggerListener.log Command line argument: --add-opens=java.rmi/sun.rmi.transport=ALL-UNNAMED
05-Nov-2024 13:08:43.273 INFO [main] org.apache.catalina.startup.VersionLoggerListener.log Command line argument: -Dcatalina.base=/home/samuel/Documents/2_Brighton/sem1/lab/LargeScaleDataProcessing/week4_5/apache-tomcat-10.1.15
05-Nov-2024 13:08:43.274 INFO [main] org.apache.catalina.startup.VersionLoggerListener.log Command line argument: -Dcatalina.home=/home/samuel/Documents/2_Brighton/sem1/lab/LargeScaleDataProcessing/week4_5/apache-tomcat-10.1.15
05-Nov-2024 13:08:43.274 INFO [main] org.apache.catalina.startup.VersionLoggerListener.log Command line argument: -Djava.io.tmpdir=/home/samuel/Documents/2_Brighton/sem1/lab/LargeScaleDataProcessing/week4_5/apache-tomcat-10.1.15/temp
05-Nov-2024 13:08:43.275 INFO [main] org.apache.catalina.core.AprLifecycleListener.lifecycleEvent The Apache Tomcat Native library which allows using OpenSSL was not found on the java.library.path: [/usr/java/packages/lib:/usr/lib/x86_64-linux-gnu/jni:/lib/x86_64-linux-gnu:/usr/lib/x86_64-linux-gnu:/usr/lib/jni:/lib:/usr/lib]
05-Nov-2024 13:08:43.488 INFO [main] org.apache.coyote.AbstractProtocol.init Initializing ProtocolHandler ["http-nio-8080"]
05-Nov-2024 13:08:43.507 INFO [main] org.apache.catalina.startup.Catalina.load Server initialization in [353] milliseconds
05-Nov-2024 13:08:43.541 INFO [main] org.apache.catalina.core.StandardService.startInternal Starting service [Catalina]
05-Nov-2024 13:08:43.541 INFO [main] org.apache.catalina.core.StandardEngine.startInternal Starting Servlet engine: [Apache Tomcat/10.1.15]
05-Nov-2024 13:08:43.547 INFO [main] org.apache.catalina.startup.HostConfig.deployDirectory Deploying web application directory [/home/samuel/Documents/2_Brighton/sem1/lab/LargeScaleDataProcessing/week4_5/apache-tomcat-10.1.15/webapps/ci502]
05-Nov-2024 13:08:43.775 INFO [main] org.apache.catalina.startup.HostConfig.deployDirectory Deployment of web application directory [/home/samuel/Documents/2_Brighton/sem1/lab/LargeScaleDataProcessing/week4_5/apache-tomcat-10.1.15/webapps/ci502] has finished in [227] ms
05-Nov-2024 13:08:43.775 INFO [main] org.apache.catalina.startup.HostConfig.deployDirectory Deploying web application directory [/home/samuel/Documents/2_Brighton/sem1/lab/LargeScaleDataProcessing/week4_5/apache-tomcat-10.1.15/webapps/ROOT]
05-Nov-2024 13:08:43.794 INFO [main] org.apache.catalina.startup.HostConfig.deployDirectory Deployment of web application directory [/home/samuel/Documents/2_Brighton/sem1/lab/LargeScaleDataProcessing/week4_5/apache-tomcat-10.1.15/webapps/ROOT] has finished in [19] ms
05-Nov-2024 13:08:43.794 INFO [main] org.apache.catalina.startup.HostConfig.deployDirectory Deploying web application directory [/home/samuel/Documents/2_Brighton/sem1/lab/LargeScaleDataProcessing/week4_5/apache-tomcat-10.1.15/webapps/examples]
05-Nov-2024 13:08:43.967 INFO [main] org.apache.catalina.startup.HostConfig.deployDirectory Deployment of web application directory [/home/samuel/Documents/2_Brighton/sem1/lab/LargeScaleDataProcessing/week4_5/apache-tomcat-10.1.15/webapps/examples] has finished in [173] ms
05-Nov-2024 13:08:43.968 INFO [main] org.apache.catalina.startup.HostConfig.deployDirectory Deploying web application directory [/home/samuel/Documents/2_Brighton/sem1/lab/LargeScaleDataProcessing/week4_5/apache-tomcat-10.1.15/webapps/manager]
05-Nov-2024 13:08:43.991 INFO [main] org.apache.catalina.startup.HostConfig.deployDirectory Deployment of web application directory [/home/samuel/Documents/2_Brighton/sem1/lab/LargeScaleDataProcessing/week4_5/apache-tomcat-10.1.15/webapps/manager] has finished in [23] ms
05-Nov-2024 13:08:43.992 INFO [main] org.apache.catalina.startup.HostConfig.deployDirectory Deploying web application directory [/home/samuel/Documents/2_Brighton/sem1/lab/LargeScaleDataProcessing/week4_5/apache-tomcat-10.1.15/webapps/docs]
05-Nov-2024 13:08:44.006 INFO [main] org.apache.catalina.startup.HostConfig.deployDirectory Deployment of web application directory [/home/samuel/Documents/2_Brighton/sem1/lab/LargeScaleDataProcessing/week4_5/apache-tomcat-10.1.15/webapps/docs] has finished in [14] ms
05-Nov-2024 13:08:44.007 INFO [main] org.apache.catalina.startup.HostConfig.deployDirectory Deploying web application directory [/home/samuel/Documents/2_Brighton/sem1/lab/LargeScaleDataProcessing/week4_5/apache-tomcat-10.1.15/webapps/host-manager]
05-Nov-2024 13:08:44.021 INFO [main] org.apache.catalina.startup.HostConfig.deployDirectory Deployment of web application directory [/home/samuel/Documents/2_Brighton/sem1/lab/LargeScaleDataProcessing/week4_5/apache-tomcat-10.1.15/webapps/host-manager] has finished in [14] ms
05-Nov-2024 13:08:44.025 INFO [main] org.apache.coyote.AbstractProtocol.start Starting ProtocolHandler ["http-nio-8080"]
05-Nov-2024 13:08:44.033 INFO [main] org.apache.catalina.startup.Catalina.start Server startup in [524] milliseconds
05-Nov-2024 13:19:13.363 INFO [main] org.apache.catalina.core.StandardServer.await A valid shutdown command was received via the shutdown port. Stopping the Server instance.
05-Nov-2024 13:19:13.364 INFO [main] org.apache.coyote.AbstractProtocol.pause Pausing ProtocolHandler ["http-nio-8080"]
05-Nov-2024 13:19:13.367 INFO [main] org.apache.catalina.core.StandardService.stopInternal Stopping service [Catalina]
05-Nov-2024 13:19:13.384 INFO [main] org.apache.coyote.AbstractProtocol.stop Stopping ProtocolHandler ["http-nio-8080"]
05-Nov-2024 13:19:13.390 INFO [main] org.apache.coyote.AbstractProtocol.destroy Destroying ProtocolHandler ["http-nio-8080"]
05-Nov-2024 13:19:18.624 INFO [main] org.apache.catalina.startup.VersionLoggerListener.log Server version name:   Apache Tomcat/10.1.15
05-Nov-2024 13:19:18.627 INFO [main] org.apache.catalina.startup.VersionLoggerListener.log Server built:          Oct 11 2023 23:38:40 UTC
05-Nov-2024 13:19:18.627 INFO [main] org.apache.catalina.startup.VersionLoggerListener.log Server version number: 10.1.15.0
05-Nov-2024 13:19:18.627 INFO [main] org.apache.catalina.startup.VersionLoggerListener.log OS Name:               Linux
05-Nov-2024 13:19:18.627 INFO [main] org.apache.catalina.startup.VersionLoggerListener.log OS Version:            6.8.0-45-generic
05-Nov-2024 13:19:18.627 INFO [main] org.apache.catalina.startup.VersionLoggerListener.log Architecture:          amd64
05-Nov-2024 13:19:18.628 INFO [main] org.apache.catalina.startup.VersionLoggerListener.log Java Home:             /usr/lib/jvm/java-21-openjdk-amd64
05-Nov-2024 13:19:18.628 INFO [main] org.apache.catalina.startup.VersionLoggerListener.log JVM Version:           21.0.4+7-Ubuntu-1ubuntu224.04
05-Nov-2024 13:19:18.628 INFO [main] org.apache.catalina.startup.VersionLoggerListener.log JVM Vendor:            Ubuntu
05-Nov-2024 13:19:18.628 INFO [main] org.apache.catalina.startup.VersionLoggerListener.log CATALINA_BASE:         /home/samuel/Documents/2_Brighton/sem1/lab/LargeScaleDataProcessing/week4_5/apache-tomcat-10.1.15
05-Nov-2024 13:19:18.628 INFO [main] org.apache.catalina.startup.VersionLoggerListener.log CATALINA_HOME:         /home/samuel/Documents/2_Brighton/sem1/lab/LargeScaleDataProcessing/week4_5/apache-tomcat-10.1.15
05-Nov-2024 13:19:18.634 INFO [main] org.apache.catalina.startup.VersionLoggerListener.log Command line argument: -Djava.util.logging.config.file=/home/samuel/Documents/2_Brighton/sem1/lab/LargeScaleDataProcessing/week4_5/apache-tomcat-10.1.15/conf/logging.properties
05-Nov-2024 13:19:18.634 INFO [main] org.apache.catalina.startup.VersionLoggerListener.log Command line argument: -Djava.util.logging.manager=org.apache.juli.ClassLoaderLogManager
05-Nov-2024 13:19:18.634 INFO [main] org.apache.catalina.startup.VersionLoggerListener.log Command line argument: -Djdk.tls.ephemeralDHKeySize=2048
05-Nov-2024 13:19:18.634 INFO [main] org.apache.catalina.startup.VersionLoggerListener.log Command line argument: -Djava.protocol.handler.pkgs=org.apache.catalina.webresources
05-Nov-2024 13:19:18.635 INFO [main] org.apache.catalina.startup.VersionLoggerListener.log Command line argument: -Dorg.apache.catalina.security.SecurityListener.UMASK=0027
05-Nov-2024 13:19:18.635 INFO [main] org.apache.catalina.startup.VersionLoggerListener.log Command line argument: --add-opens=java.base/java.lang=ALL-UNNAMED
05-Nov-2024 13:19:18.635 INFO [main] org.apache.catalina.startup.VersionLoggerListener.log Command line argument: --add-opens=java.base/java.io=ALL-UNNAMED
05-Nov-2024 13:19:18.635 INFO [main] org.apache.catalina.startup.VersionLoggerListener.log Command line argument: --add-opens=java.base/java.util=ALL-UNNAMED
05-Nov-2024 13:19:18.635 INFO [main] org.apache.catalina.startup.VersionLoggerListener.log Command line argument: --add-opens=java.base/java.util.concurrent=ALL-UNNAMED
05-Nov-2024 13:19:18.635 INFO [main] org.apache.catalina.startup.VersionLoggerListener.log Command line argument: --add-opens=java.rmi/sun.rmi.transport=ALL-UNNAMED
05-Nov-2024 13:19:18.635 INFO [main] org.apache.catalina.startup.VersionLoggerListener.log Command line argument: -Dcatalina.base=/home/samuel/Documents/2_Brighton/sem1/lab/LargeScaleDataProcessing/week4_5/apache-tomcat-10.1.15
05-Nov-2024 13:19:18.635 INFO [main] org.apache.catalina.startup.VersionLoggerListener.log Command line argument: -Dcatalina.home=/home/samuel/Documents/2_Brighton/sem1/lab/LargeScaleDataProcessing/week4_5/apache-tomcat-10.1.15
05-Nov-2024 13:19:18.635 INFO [main] org.apache.catalina.startup.VersionLoggerListener.log Command line argument: -Djava.io.tmpdir=/home/samuel/Documents/2_Brighton/sem1/lab/LargeScaleDataProcessing/week4_5/apache-tomcat-10.1.15/temp
05-Nov-2024 13:19:18.636 INFO [main] org.apache.catalina.core.AprLifecycleListener.lifecycleEvent The Apache Tomcat Native library which allows using OpenSSL was not found on the java.library.path: [/usr/java/packages/lib:/usr/lib/x86_64-linux-gnu/jni:/lib/x86_64-linux-gnu:/usr/lib/x86_64-linux-gnu:/usr/lib/jni:/lib:/usr/lib]
05-Nov-2024 13:19:18.830 INFO [main] org.apache.coyote.AbstractProtocol.init Initializing ProtocolHandler ["http-nio-8080"]
05-Nov-2024 13:19:18.848 INFO [main] org.apache.catalina.startup.Catalina.load Server initialization in [332] milliseconds
05-Nov-2024 13:19:18.880 INFO [main] org.apache.catalina.core.StandardService.startInternal Starting service [Catalina]
05-Nov-2024 13:19:18.881 INFO [main] org.apache.catalina.core.StandardEngine.startInternal Starting Servlet engine: [Apache Tomcat/10.1.15]
05-Nov-2024 13:19:18.888 INFO [main] org.apache.catalina.startup.HostConfig.deployDirectory Deploying web application directory [/home/samuel/Documents/2_Brighton/sem1/lab/LargeScaleDataProcessing/week4_5/apache-tomcat-10.1.15/webapps/ci502]
05-Nov-2024 13:19:19.115 INFO [main] org.apache.catalina.startup.HostConfig.deployDirectory Deployment of web application directory [/home/samuel/Documents/2_Brighton/sem1/lab/LargeScaleDataProcessing/week4_5/apache-tomcat-10.1.15/webapps/ci502] has finished in [227] ms
05-Nov-2024 13:19:19.115 INFO [main] org.apache.catalina.startup.HostConfig.deployDirectory Deploying web application directory [/home/samuel/Documents/2_Brighton/sem1/lab/LargeScaleDataProcessing/week4_5/apache-tomcat-10.1.15/webapps/ROOT]
05-Nov-2024 13:19:19.132 INFO [main] org.apache.catalina.startup.HostConfig.deployDirectory Deployment of web application directory [/home/samuel/Documents/2_Brighton/sem1/lab/LargeScaleDataProcessing/week4_5/apache-tomcat-10.1.15/webapps/ROOT] has finished in [16] ms
05-Nov-2024 13:19:19.132 INFO [main] org.apache.catalina.startup.HostConfig.deployDirectory Deploying web application directory [/home/samuel/Documents/2_Brighton/sem1/lab/LargeScaleDataProcessing/week4_5/apache-tomcat-10.1.15/webapps/examples]
05-Nov-2024 13:19:19.302 INFO [main] org.apache.catalina.startup.HostConfig.deployDirectory Deployment of web application directory [/home/samuel/Documents/2_Brighton/sem1/lab/LargeScaleDataProcessing/week4_5/apache-tomcat-10.1.15/webapps/examples] has finished in [170] ms
05-Nov-2024 13:19:19.302 INFO [main] org.apache.catalina.startup.HostConfig.deployDirectory Deploying web application directory [/home/samuel/Documents/2_Brighton/sem1/lab/LargeScaleDataProcessing/week4_5/apache-tomcat-10.1.15/webapps/manager]
05-Nov-2024 13:19:19.323 INFO [main] org.apache.catalina.startup.HostConfig.deployDirectory Deployment of web application directory [/home/samuel/Documents/2_Brighton/sem1/lab/LargeScaleDataProcessing/week4_5/apache-tomcat-10.1.15/webapps/manager] has finished in [21] ms
05-Nov-2024 13:19:19.323 INFO [main] org.apache.catalina.startup.HostConfig.deployDirectory Deploying web application directory [/home/samuel/Documents/2_Brighton/sem1/lab/LargeScaleDataProcessing/week4_5/apache-tomcat-10.1.15/webapps/docs]
05-Nov-2024 13:19:19.336 INFO [main] org.apache.catalina.startup.HostConfig.deployDirectory Deployment of web application directory [/home/samuel/Documents/2_Brighton/sem1/lab/LargeScaleDataProcessing/week4_5/apache-tomcat-10.1.15/webapps/docs] has finished in [13] ms
05-Nov-2024 13:19:19.336 INFO [main] org.apache.catalina.startup.HostConfig.deployDirectory Deploying web application directory [/home/samuel/Documents/2_Brighton/sem1/lab/LargeScaleDataProcessing/week4_5/apache-tomcat-10.1.15/webapps/host-manager]
05-Nov-2024 13:19:19.350 INFO [main] org.apache.catalina.startup.HostConfig.deployDirectory Deployment of web application directory [/home/samuel/Documents/2_Brighton/sem1/lab/LargeScaleDataProcessing/week4_5/apache-tomcat-10.1.15/webapps/host-manager] has finished in [14] ms
05-Nov-2024 13:19:19.353 INFO [main] org.apache.coyote.AbstractProtocol.start Starting ProtocolHandler ["http-nio-8080"]
05-Nov-2024 13:19:19.361 INFO [main] org.apache.catalina.startup.Catalina.start Server startup in [511] milliseconds
05-Nov-2024 13:36:02.968 INFO [main] org.apache.catalina.core.StandardServer.await A valid shutdown command was received via the shutdown port. Stopping the Server instance.
05-Nov-2024 13:36:02.977 INFO [main] org.apache.coyote.AbstractProtocol.pause Pausing ProtocolHandler ["http-nio-8080"]
05-Nov-2024 13:36:02.980 INFO [main] org.apache.catalina.core.StandardService.stopInternal Stopping service [Catalina]
05-Nov-2024 13:36:02.999 INFO [main] org.apache.coyote.AbstractProtocol.stop Stopping ProtocolHandler ["http-nio-8080"]
05-Nov-2024 13:36:03.002 INFO [main] org.apache.coyote.AbstractProtocol.destroy Destroying ProtocolHandler ["http-nio-8080"]
05-Nov-2024 13:36:07.381 INFO [main] org.apache.catalina.startup.VersionLoggerListener.log Server version name:   Apache Tomcat/10.1.15
05-Nov-2024 13:36:07.387 INFO [main] org.apache.catalina.startup.VersionLoggerListener.log Server built:          Oct 11 2023 23:38:40 UTC
05-Nov-2024 13:36:07.388 INFO [main] org.apache.catalina.startup.VersionLoggerListener.log Server version number: 10.1.15.0
05-Nov-2024 13:36:07.388 INFO [main] org.apache.catalina.startup.VersionLoggerListener.log OS Name:               Linux
05-Nov-2024 13:36:07.388 INFO [main] org.apache.catalina.startup.VersionLoggerListener.log OS Version:            6.8.0-45-generic
05-Nov-2024 13:36:07.388 INFO [main] org.apache.catalina.startup.VersionLoggerListener.log Architecture:          amd64
05-Nov-2024 13:36:07.388 INFO [main] org.apache.catalina.startup.VersionLoggerListener.log Java Home:             /usr/lib/jvm/java-21-openjdk-amd64
05-Nov-2024 13:36:07.388 INFO [main] org.apache.catalina.startup.VersionLoggerListener.log JVM Version:           21.0.4+7-Ubuntu-1ubuntu224.04
05-Nov-2024 13:36:07.388 INFO [main] org.apache.catalina.startup.VersionLoggerListener.log JVM Vendor:            Ubuntu
05-Nov-2024 13:36:07.389 INFO [main] org.apache.catalina.startup.VersionLoggerListener.log CATALINA_BASE:         /home/samuel/Documents/2_Brighton/sem1/lab/LargeScaleDataProcessing/week4_5/apache-tomcat-10.1.15
05-Nov-2024 13:36:07.389 INFO [main] org.apache.catalina.startup.VersionLoggerListener.log CATALINA_HOME:         /home/samuel/Documents/2_Brighton/sem1/lab/LargeScaleDataProcessing/week4_5/apache-tomcat-10.1.15
05-Nov-2024 13:36:07.394 INFO [main] org.apache.catalina.startup.VersionLoggerListener.log Command line argument: -Djava.util.logging.config.file=/home/samuel/Documents/2_Brighton/sem1/lab/LargeScaleDataProcessing/week4_5/apache-tomcat-10.1.15/conf/logging.properties
05-Nov-2024 13:36:07.394 INFO [main] org.apache.catalina.startup.VersionLoggerListener.log Command line argument: -Djava.util.logging.manager=org.apache.juli.ClassLoaderLogManager
05-Nov-2024 13:36:07.394 INFO [main] org.apache.catalina.startup.VersionLoggerListener.log Command line argument: -Djdk.tls.ephemeralDHKeySize=2048
05-Nov-2024 13:36:07.394 INFO [main] org.apache.catalina.startup.VersionLoggerListener.log Command line argument: -Djava.protocol.handler.pkgs=org.apache.catalina.webresources
05-Nov-2024 13:36:07.394 INFO [main] org.apache.catalina.startup.VersionLoggerListener.log Command line argument: -Dorg.apache.catalina.security.SecurityListener.UMASK=0027
05-Nov-2024 13:36:07.394 INFO [main] org.apache.catalina.startup.VersionLoggerListener.log Command line argument: --add-opens=java.base/java.lang=ALL-UNNAMED
05-Nov-2024 13:36:07.394 INFO [main] org.apache.catalina.startup.VersionLoggerListener.log Command line argument: --add-opens=java.base/java.io=ALL-UNNAMED
05-Nov-2024 13:36:07.395 INFO [main] org.apache.catalina.startup.VersionLoggerListener.log Command line argument: --add-opens=java.base/java.util=ALL-UNNAMED
05-Nov-2024 13:36:07.395 INFO [main] org.apache.catalina.startup.VersionLoggerListener.log Command line argument: --add-opens=java.base/java.util.concurrent=ALL-UNNAMED
05-Nov-2024 13:36:07.395 INFO [main] org.apache.catalina.startup.VersionLoggerListener.log Command line argument: --add-opens=java.rmi/sun.rmi.transport=ALL-UNNAMED
05-Nov-2024 13:36:07.395 INFO [main] org.apache.catalina.startup.VersionLoggerListener.log Command line argument: -Dcatalina.base=/home/samuel/Documents/2_Brighton/sem1/lab/LargeScaleDataProcessing/week4_5/apache-tomcat-10.1.15
05-Nov-2024 13:36:07.395 INFO [main] org.apache.catalina.startup.VersionLoggerListener.log Command line argument: -Dcatalina.home=/home/samuel/Documents/2_Brighton/sem1/lab/LargeScaleDataProcessing/week4_5/apache-tomcat-10.1.15
05-Nov-2024 13:36:07.395 INFO [main] org.apache.catalina.startup.VersionLoggerListener.log Command line argument: -Djava.io.tmpdir=/home/samuel/Documents/2_Brighton/sem1/lab/LargeScaleDataProcessing/week4_5/apache-tomcat-10.1.15/temp
05-Nov-2024 13:36:07.396 INFO [main] org.apache.catalina.core.AprLifecycleListener.lifecycleEvent The Apache Tomcat Native library which allows using OpenSSL was not found on the java.library.path: [/usr/java/packages/lib:/usr/lib/x86_64-linux-gnu/jni:/lib/x86_64-linux-gnu:/usr/lib/x86_64-linux-gnu:/usr/lib/jni:/lib:/usr/lib]
05-Nov-2024 13:36:07.592 INFO [main] org.apache.coyote.AbstractProtocol.init Initializing ProtocolHandler ["http-nio-8080"]
05-Nov-2024 13:36:07.609 INFO [main] org.apache.catalina.startup.Catalina.load Server initialization in [333] milliseconds
05-Nov-2024 13:36:07.639 INFO [main] org.apache.catalina.core.StandardService.startInternal Starting service [Catalina]
05-Nov-2024 13:36:07.639 INFO [main] org.apache.catalina.core.StandardEngine.startInternal Starting Servlet engine: [Apache Tomcat/10.1.15]
05-Nov-2024 13:36:07.645 INFO [main] org.apache.catalina.startup.HostConfig.deployDirectory Deploying web application directory [/home/samuel/Documents/2_Brighton/sem1/lab/LargeScaleDataProcessing/week4_5/apache-tomcat-10.1.15/webapps/ci502]
05-Nov-2024 13:36:07.872 INFO [main] org.apache.catalina.startup.HostConfig.deployDirectory Deployment of web application directory [/home/samuel/Documents/2_Brighton/sem1/lab/LargeScaleDataProcessing/week4_5/apache-tomcat-10.1.15/webapps/ci502] has finished in [227] ms
05-Nov-2024 13:36:07.872 INFO [main] org.apache.catalina.startup.HostConfig.deployDirectory Deploying web application directory [/home/samuel/Documents/2_Brighton/sem1/lab/LargeScaleDataProcessing/week4_5/apache-tomcat-10.1.15/webapps/ROOT]
05-Nov-2024 13:36:07.891 INFO [main] org.apache.catalina.startup.HostConfig.deployDirectory Deployment of web application directory [/home/samuel/Documents/2_Brighton/sem1/lab/LargeScaleDataProcessing/week4_5/apache-tomcat-10.1.15/webapps/ROOT] has finished in [18] ms
05-Nov-2024 13:36:07.891 INFO [main] org.apache.catalina.startup.HostConfig.deployDirectory Deploying web application directory [/home/samuel/Documents/2_Brighton/sem1/lab/LargeScaleDataProcessing/week4_5/apache-tomcat-10.1.15/webapps/examples]
05-Nov-2024 13:36:08.062 INFO [main] org.apache.catalina.startup.HostConfig.deployDirectory Deployment of web application directory [/home/samuel/Documents/2_Brighton/sem1/lab/LargeScaleDataProcessing/week4_5/apache-tomcat-10.1.15/webapps/examples] has finished in [171] ms
05-Nov-2024 13:36:08.063 INFO [main] org.apache.catalina.startup.HostConfig.deployDirectory Deploying web application directory [/home/samuel/Documents/2_Brighton/sem1/lab/LargeScaleDataProcessing/week4_5/apache-tomcat-10.1.15/webapps/manager]
05-Nov-2024 13:36:08.085 INFO [main] org.apache.catalina.startup.HostConfig.deployDirectory Deployment of web application directory [/home/samuel/Documents/2_Brighton/sem1/lab/LargeScaleDataProcessing/week4_5/apache-tomcat-10.1.15/webapps/manager] has finished in [22] ms
05-Nov-2024 13:36:08.085 INFO [main] org.apache.catalina.startup.HostConfig.deployDirectory Deploying web application directory [/home/samuel/Documents/2_Brighton/sem1/lab/LargeScaleDataProcessing/week4_5/apache-tomcat-10.1.15/webapps/docs]
05-Nov-2024 13:36:08.099 INFO [main] org.apache.catalina.startup.HostConfig.deployDirectory Deployment of web application directory [/home/samuel/Documents/2_Brighton/sem1/lab/LargeScaleDataProcessing/week4_5/apache-tomcat-10.1.15/webapps/docs] has finished in [14] ms
05-Nov-2024 13:36:08.099 INFO [main] org.apache.catalina.startup.HostConfig.deployDirectory Deploying web application directory [/home/samuel/Documents/2_Brighton/sem1/lab/LargeScaleDataProcessing/week4_5/apache-tomcat-10.1.15/webapps/host-manager]
05-Nov-2024 13:36:08.113 INFO [main] org.apache.catalina.startup.HostConfig.deployDirectory Deployment of web application directory [/home/samuel/Documents/2_Brighton/sem1/lab/LargeScaleDataProcessing/week4_5/apache-tomcat-10.1.15/webapps/host-manager] has finished in [14] ms
05-Nov-2024 13:36:08.116 INFO [main] org.apache.coyote.AbstractProtocol.start Starting ProtocolHandler ["http-nio-8080"]
05-Nov-2024 13:36:08.124 INFO [main] org.apache.catalina.startup.Catalina.start Server startup in [513] milliseconds
05-Nov-2024 13:40:55.699 INFO [main] org.apache.catalina.core.StandardServer.await A valid shutdown command was received via the shutdown port. Stopping the Server instance.
05-Nov-2024 13:40:55.708 INFO [main] org.apache.coyote.AbstractProtocol.pause Pausing ProtocolHandler ["http-nio-8080"]
05-Nov-2024 13:40:55.713 INFO [main] org.apache.catalina.core.StandardService.stopInternal Stopping service [Catalina]
05-Nov-2024 13:40:55.760 INFO [main] org.apache.coyote.AbstractProtocol.stop Stopping ProtocolHandler ["http-nio-8080"]
05-Nov-2024 13:40:55.767 INFO [main] org.apache.coyote.AbstractProtocol.destroy Destroying ProtocolHandler ["http-nio-8080"]
05-Nov-2024 13:41:48.855 INFO [main] org.apache.catalina.startup.VersionLoggerListener.log Server version name:   Apache Tomcat/10.1.15
05-Nov-2024 13:41:48.871 INFO [main] org.apache.catalina.startup.VersionLoggerListener.log Server built:          Oct 11 2023 23:38:40 UTC
05-Nov-2024 13:41:48.871 INFO [main] org.apache.catalina.startup.VersionLoggerListener.log Server version number: 10.1.15.0
05-Nov-2024 13:41:48.871 INFO [main] org.apache.catalina.startup.VersionLoggerListener.log OS Name:               Linux
05-Nov-2024 13:41:48.871 INFO [main] org.apache.catalina.startup.VersionLoggerListener.log OS Version:            6.8.0-45-generic
05-Nov-2024 13:41:48.872 INFO [main] org.apache.catalina.startup.VersionLoggerListener.log Architecture:          amd64
05-Nov-2024 13:41:48.872 INFO [main] org.apache.catalina.startup.VersionLoggerListener.log Java Home:             /usr/lib/jvm/java-21-openjdk-amd64
05-Nov-2024 13:41:48.872 INFO [main] org.apache.catalina.startup.VersionLoggerListener.log JVM Version:           21.0.4+7-Ubuntu-1ubuntu224.04
05-Nov-2024 13:41:48.872 INFO [main] org.apache.catalina.startup.VersionLoggerListener.log JVM Vendor:            Ubuntu
05-Nov-2024 13:41:48.873 INFO [main] org.apache.catalina.startup.VersionLoggerListener.log CATALINA_BASE:         /home/samuel/Documents/2_Brighton/sem1/lab/LargeScaleDataProcessing/week4_5/apache-tomcat-10.1.15
05-Nov-2024 13:41:48.873 INFO [main] org.apache.catalina.startup.VersionLoggerListener.log CATALINA_HOME:         /home/samuel/Documents/2_Brighton/sem1/lab/LargeScaleDataProcessing/week4_5/apache-tomcat-10.1.15
05-Nov-2024 13:41:48.884 INFO [main] org.apache.catalina.startup.VersionLoggerListener.log Command line argument: -Djava.util.logging.config.file=/home/samuel/Documents/2_Brighton/sem1/lab/LargeScaleDataProcessing/week4_5/apache-tomcat-10.1.15/conf/logging.properties
05-Nov-2024 13:41:48.885 INFO [main] org.apache.catalina.startup.VersionLoggerListener.log Command line argument: -Djava.util.logging.manager=org.apache.juli.ClassLoaderLogManager
05-Nov-2024 13:41:48.885 INFO [main] org.apache.catalina.startup.VersionLoggerListener.log Command line argument: -Djdk.tls.ephemeralDHKeySize=2048
05-Nov-2024 13:41:48.885 INFO [main] org.apache.catalina.startup.VersionLoggerListener.log Command line argument: -Djava.protocol.handler.pkgs=org.apache.catalina.webresources
05-Nov-2024 13:41:48.886 INFO [main] org.apache.catalina.startup.VersionLoggerListener.log Command line argument: -Dorg.apache.catalina.security.SecurityListener.UMASK=0027
05-Nov-2024 13:41:48.886 INFO [main] org.apache.catalina.startup.VersionLoggerListener.log Command line argument: --add-opens=java.base/java.lang=ALL-UNNAMED
05-Nov-2024 13:41:48.886 INFO [main] org.apache.catalina.startup.VersionLoggerListener.log Command line argument: --add-opens=java.base/java.io=ALL-UNNAMED
05-Nov-2024 13:41:48.886 INFO [main] org.apache.catalina.startup.VersionLoggerListener.log Command line argument: --add-opens=java.base/java.util=ALL-UNNAMED
05-Nov-2024 13:41:48.886 INFO [main] org.apache.catalina.startup.VersionLoggerListener.log Command line argument: --add-opens=java.base/java.util.concurrent=ALL-UNNAMED
05-Nov-2024 13:41:48.887 INFO [main] org.apache.catalina.startup.VersionLoggerListener.log Command line argument: --add-opens=java.rmi/sun.rmi.transport=ALL-UNNAMED
05-Nov-2024 13:41:48.887 INFO [main] org.apache.catalina.startup.VersionLoggerListener.log Command line argument: -Dcatalina.base=/home/samuel/Documents/2_Brighton/sem1/lab/LargeScaleDataProcessing/week4_5/apache-tomcat-10.1.15
05-Nov-2024 13:41:48.887 INFO [main] org.apache.catalina.startup.VersionLoggerListener.log Command line argument: -Dcatalina.home=/home/samuel/Documents/2_Brighton/sem1/lab/LargeScaleDataProcessing/week4_5/apache-tomcat-10.1.15
05-Nov-2024 13:41:48.887 INFO [main] org.apache.catalina.startup.VersionLoggerListener.log Command line argument: -Djava.io.tmpdir=/home/samuel/Documents/2_Brighton/sem1/lab/LargeScaleDataProcessing/week4_5/apache-tomcat-10.1.15/temp
05-Nov-2024 13:41:48.891 INFO [main] org.apache.catalina.core.AprLifecycleListener.lifecycleEvent The Apache Tomcat Native library which allows using OpenSSL was not found on the java.library.path: [/usr/java/packages/lib:/usr/lib/x86_64-linux-gnu/jni:/lib/x86_64-linux-gnu:/usr/lib/x86_64-linux-gnu:/usr/lib/jni:/lib:/usr/lib]
05-Nov-2024 13:41:49.421 INFO [main] org.apache.coyote.AbstractProtocol.init Initializing ProtocolHandler ["http-nio-8080"]
05-Nov-2024 13:41:49.464 INFO [main] org.apache.catalina.startup.Catalina.load Server initialization in [910] milliseconds
05-Nov-2024 13:41:49.545 INFO [main] org.apache.catalina.core.StandardService.startInternal Starting service [Catalina]
05-Nov-2024 13:41:49.546 INFO [main] org.apache.catalina.core.StandardEngine.startInternal Starting Servlet engine: [Apache Tomcat/10.1.15]
05-Nov-2024 13:41:49.561 INFO [main] org.apache.catalina.startup.HostConfig.deployDirectory Deploying web application directory [/home/samuel/Documents/2_Brighton/sem1/lab/LargeScaleDataProcessing/week4_5/apache-tomcat-10.1.15/webapps/ci502]
05-Nov-2024 13:41:50.131 INFO [main] org.apache.catalina.startup.HostConfig.deployDirectory Deployment of web application directory [/home/samuel/Documents/2_Brighton/sem1/lab/LargeScaleDataProcessing/week4_5/apache-tomcat-10.1.15/webapps/ci502] has finished in [569] ms
05-Nov-2024 13:41:50.131 INFO [main] org.apache.catalina.startup.HostConfig.deployDirectory Deploying web application directory [/home/samuel/Documents/2_Brighton/sem1/lab/LargeScaleDataProcessing/week4_5/apache-tomcat-10.1.15/webapps/ROOT]
05-Nov-2024 13:41:50.169 INFO [main] org.apache.catalina.startup.HostConfig.deployDirectory Deployment of web application directory [/home/samuel/Documents/2_Brighton/sem1/lab/LargeScaleDataProcessing/week4_5/apache-tomcat-10.1.15/webapps/ROOT] has finished in [37] ms
05-Nov-2024 13:41:50.169 INFO [main] org.apache.catalina.startup.HostConfig.deployDirectory Deploying web application directory [/home/samuel/Documents/2_Brighton/sem1/lab/LargeScaleDataProcessing/week4_5/apache-tomcat-10.1.15/webapps/examples]
05-Nov-2024 13:41:50.576 INFO [main] org.apache.catalina.startup.HostConfig.deployDirectory Deployment of web application directory [/home/samuel/Documents/2_Brighton/sem1/lab/LargeScaleDataProcessing/week4_5/apache-tomcat-10.1.15/webapps/examples] has finished in [406] ms
05-Nov-2024 13:41:50.576 INFO [main] org.apache.catalina.startup.HostConfig.deployDirectory Deploying web application directory [/home/samuel/Documents/2_Brighton/sem1/lab/LargeScaleDataProcessing/week4_5/apache-tomcat-10.1.15/webapps/manager]
05-Nov-2024 13:41:50.628 INFO [main] org.apache.catalina.startup.HostConfig.deployDirectory Deployment of web application directory [/home/samuel/Documents/2_Brighton/sem1/lab/LargeScaleDataProcessing/week4_5/apache-tomcat-10.1.15/webapps/manager] has finished in [52] ms
05-Nov-2024 13:41:50.629 INFO [main] org.apache.catalina.startup.HostConfig.deployDirectory Deploying web application directory [/home/samuel/Documents/2_Brighton/sem1/lab/LargeScaleDataProcessing/week4_5/apache-tomcat-10.1.15/webapps/docs]
05-Nov-2024 13:41:50.663 INFO [main] org.apache.catalina.startup.HostConfig.deployDirectory Deployment of web application directory [/home/samuel/Documents/2_Brighton/sem1/lab/LargeScaleDataProcessing/week4_5/apache-tomcat-10.1.15/webapps/docs] has finished in [34] ms
05-Nov-2024 13:41:50.664 INFO [main] org.apache.catalina.startup.HostConfig.deployDirectory Deploying web application directory [/home/samuel/Documents/2_Brighton/sem1/lab/LargeScaleDataProcessing/week4_5/apache-tomcat-10.1.15/webapps/host-manager]
05-Nov-2024 13:41:50.701 INFO [main] org.apache.catalina.startup.HostConfig.deployDirectory Deployment of web application directory [/home/samuel/Documents/2_Brighton/sem1/lab/LargeScaleDataProcessing/week4_5/apache-tomcat-10.1.15/webapps/host-manager] has finished in [37] ms
05-Nov-2024 13:41:50.707 INFO [main] org.apache.coyote.AbstractProtocol.start Starting ProtocolHandler ["http-nio-8080"]
05-Nov-2024 13:41:50.730 INFO [main] org.apache.catalina.startup.Catalina.start Server startup in [1264] milliseconds
