26-Nov-2024 11:31:40.705 INFO [main] org.apache.catalina.startup.VersionLoggerListener.log Server version name:   Apache Tomcat/10.1.15
26-Nov-2024 11:31:40.710 INFO [main] org.apache.catalina.startup.VersionLoggerListener.log Server built:          Oct 11 2023 23:38:40 UTC
26-Nov-2024 11:31:40.710 INFO [main] org.apache.catalina.startup.VersionLoggerListener.log Server version number: 10.1.15.0
26-Nov-2024 11:31:40.711 INFO [main] org.apache.catalina.startup.VersionLoggerListener.log OS Name:               Linux
26-Nov-2024 11:31:40.711 INFO [main] org.apache.catalina.startup.VersionLoggerListener.log OS Version:            6.8.0-48-generic
26-Nov-2024 11:31:40.711 INFO [main] org.apache.catalina.startup.VersionLoggerListener.log Architecture:          amd64
26-Nov-2024 11:31:40.711 INFO [main] org.apache.catalina.startup.VersionLoggerListener.log Java Home:             /usr/lib/jvm/java-21-openjdk-amd64
26-Nov-2024 11:31:40.711 INFO [main] org.apache.catalina.startup.VersionLoggerListener.log JVM Version:           21.0.5+11-Ubuntu-1ubuntu124.04
26-Nov-2024 11:31:40.711 INFO [main] org.apache.catalina.startup.VersionLoggerListener.log JVM Vendor:            Ubuntu
26-Nov-2024 11:31:40.711 INFO [main] org.apache.catalina.startup.VersionLoggerListener.log CATALINA_BASE:         /home/samuel/Documents/2_Brighton/sem1/lab/LargeScaleDataProcessing/4_5_week/apache-tomcat-10.1.15
26-Nov-2024 11:31:40.711 INFO [main] org.apache.catalina.startup.VersionLoggerListener.log CATALINA_HOME:         /home/samuel/Documents/2_Brighton/sem1/lab/LargeScaleDataProcessing/4_5_week/apache-tomcat-10.1.15
26-Nov-2024 11:31:40.721 INFO [main] org.apache.catalina.startup.VersionLoggerListener.log Command line argument: -Djava.util.logging.config.file=/home/samuel/Documents/2_Brighton/sem1/lab/LargeScaleDataProcessing/4_5_week/apache-tomcat-10.1.15/conf/logging.properties
26-Nov-2024 11:31:40.721 INFO [main] org.apache.catalina.startup.VersionLoggerListener.log Command line argument: -Djava.util.logging.manager=org.apache.juli.ClassLoaderLogManager
26-Nov-2024 11:31:40.721 INFO [main] org.apache.catalina.startup.VersionLoggerListener.log Command line argument: -Djdk.tls.ephemeralDHKeySize=2048
26-Nov-2024 11:31:40.721 INFO [main] org.apache.catalina.startup.VersionLoggerListener.log Command line argument: -Djava.protocol.handler.pkgs=org.apache.catalina.webresources
26-Nov-2024 11:31:40.721 INFO [main] org.apache.catalina.startup.VersionLoggerListener.log Command line argument: -Dorg.apache.catalina.security.SecurityListener.UMASK=0027
26-Nov-2024 11:31:40.722 INFO [main] org.apache.catalina.startup.VersionLoggerListener.log Command line argument: --add-opens=java.base/java.lang=ALL-UNNAMED
26-Nov-2024 11:31:40.722 INFO [main] org.apache.catalina.startup.VersionLoggerListener.log Command line argument: --add-opens=java.base/java.io=ALL-UNNAMED
26-Nov-2024 11:31:40.722 INFO [main] org.apache.catalina.startup.VersionLoggerListener.log Command line argument: --add-opens=java.base/java.util=ALL-UNNAMED
26-Nov-2024 11:31:40.722 INFO [main] org.apache.catalina.startup.VersionLoggerListener.log Command line argument: --add-opens=java.base/java.util.concurrent=ALL-UNNAMED
26-Nov-2024 11:31:40.722 INFO [main] org.apache.catalina.startup.VersionLoggerListener.log Command line argument: --add-opens=java.rmi/sun.rmi.transport=ALL-UNNAMED
26-Nov-2024 11:31:40.722 INFO [main] org.apache.catalina.startup.VersionLoggerListener.log Command line argument: -Dcatalina.base=/home/samuel/Documents/2_Brighton/sem1/lab/LargeScaleDataProcessing/4_5_week/apache-tomcat-10.1.15
26-Nov-2024 11:31:40.722 INFO [main] org.apache.catalina.startup.VersionLoggerListener.log Command line argument: -Dcatalina.home=/home/samuel/Documents/2_Brighton/sem1/lab/LargeScaleDataProcessing/4_5_week/apache-tomcat-10.1.15
26-Nov-2024 11:31:40.722 INFO [main] org.apache.catalina.startup.VersionLoggerListener.log Command line argument: -Djava.io.tmpdir=/home/samuel/Documents/2_Brighton/sem1/lab/LargeScaleDataProcessing/4_5_week/apache-tomcat-10.1.15/temp
26-Nov-2024 11:31:40.724 INFO [main] org.apache.catalina.core.AprLifecycleListener.lifecycleEvent The Apache Tomcat Native library which allows using OpenSSL was not found on the java.library.path: [/usr/java/packages/lib:/usr/lib/x86_64-linux-gnu/jni:/lib/x86_64-linux-gnu:/usr/lib/x86_64-linux-gnu:/usr/lib/jni:/lib:/usr/lib]
26-Nov-2024 11:31:40.976 INFO [main] org.apache.coyote.AbstractProtocol.init Initializing ProtocolHandler ["http-nio-8080"]
26-Nov-2024 11:31:40.995 INFO [main] org.apache.catalina.startup.Catalina.load Server initialization in [417] milliseconds
26-Nov-2024 11:31:41.028 INFO [main] org.apache.catalina.core.StandardService.startInternal Starting service [Catalina]
26-Nov-2024 11:31:41.028 INFO [main] org.apache.catalina.core.StandardEngine.startInternal Starting Servlet engine: [Apache Tomcat/10.1.15]
26-Nov-2024 11:31:41.034 INFO [main] org.apache.catalina.startup.HostConfig.deployDirectory Deploying web application directory [/home/samuel/Documents/2_Brighton/sem1/lab/LargeScaleDataProcessing/4_5_week/apache-tomcat-10.1.15/webapps/ci502]
26-Nov-2024 11:31:41.259 INFO [main] org.apache.catalina.startup.HostConfig.deployDirectory Deployment of web application directory [/home/samuel/Documents/2_Brighton/sem1/lab/LargeScaleDataProcessing/4_5_week/apache-tomcat-10.1.15/webapps/ci502] has finished in [225] ms
26-Nov-2024 11:31:41.260 INFO [main] org.apache.catalina.startup.HostConfig.deployDirectory Deploying web application directory [/home/samuel/Documents/2_Brighton/sem1/lab/LargeScaleDataProcessing/4_5_week/apache-tomcat-10.1.15/webapps/ROOT]
26-Nov-2024 11:31:41.275 INFO [main] org.apache.catalina.startup.HostConfig.deployDirectory Deployment of web application directory [/home/samuel/Documents/2_Brighton/sem1/lab/LargeScaleDataProcessing/4_5_week/apache-tomcat-10.1.15/webapps/ROOT] has finished in [15] ms
26-Nov-2024 11:31:41.276 INFO [main] org.apache.catalina.startup.HostConfig.deployDirectory Deploying web application directory [/home/samuel/Documents/2_Brighton/sem1/lab/LargeScaleDataProcessing/4_5_week/apache-tomcat-10.1.15/webapps/examples]
26-Nov-2024 11:31:41.440 INFO [main] org.apache.catalina.startup.HostConfig.deployDirectory Deployment of web application directory [/home/samuel/Documents/2_Brighton/sem1/lab/LargeScaleDataProcessing/4_5_week/apache-tomcat-10.1.15/webapps/examples] has finished in [164] ms
26-Nov-2024 11:31:41.441 INFO [main] org.apache.catalina.startup.HostConfig.deployDirectory Deploying web application directory [/home/samuel/Documents/2_Brighton/sem1/lab/LargeScaleDataProcessing/4_5_week/apache-tomcat-10.1.15/webapps/manager]
26-Nov-2024 11:31:41.464 INFO [main] org.apache.catalina.startup.HostConfig.deployDirectory Deployment of web application directory [/home/samuel/Documents/2_Brighton/sem1/lab/LargeScaleDataProcessing/4_5_week/apache-tomcat-10.1.15/webapps/manager] has finished in [23] ms
26-Nov-2024 11:31:41.464 INFO [main] org.apache.catalina.startup.HostConfig.deployDirectory Deploying web application directory [/home/samuel/Documents/2_Brighton/sem1/lab/LargeScaleDataProcessing/4_5_week/apache-tomcat-10.1.15/webapps/docs]
26-Nov-2024 11:31:41.477 INFO [main] org.apache.catalina.startup.HostConfig.deployDirectory Deployment of web application directory [/home/samuel/Documents/2_Brighton/sem1/lab/LargeScaleDataProcessing/4_5_week/apache-tomcat-10.1.15/webapps/docs] has finished in [12] ms
26-Nov-2024 11:31:41.477 INFO [main] org.apache.catalina.startup.HostConfig.deployDirectory Deploying web application directory [/home/samuel/Documents/2_Brighton/sem1/lab/LargeScaleDataProcessing/4_5_week/apache-tomcat-10.1.15/webapps/host-manager]
26-Nov-2024 11:31:41.490 INFO [main] org.apache.catalina.startup.HostConfig.deployDirectory Deployment of web application directory [/home/samuel/Documents/2_Brighton/sem1/lab/LargeScaleDataProcessing/4_5_week/apache-tomcat-10.1.15/webapps/host-manager] has finished in [13] ms
26-Nov-2024 11:31:41.493 INFO [main] org.apache.coyote.AbstractProtocol.start Starting ProtocolHandler ["http-nio-8080"]
26-Nov-2024 11:31:41.501 INFO [main] org.apache.catalina.startup.Catalina.start Server startup in [504] milliseconds
26-Nov-2024 11:34:10.332 INFO [main] org.apache.catalina.core.StandardServer.await A valid shutdown command was received via the shutdown port. Stopping the Server instance.
26-Nov-2024 11:34:10.332 INFO [main] org.apache.coyote.AbstractProtocol.pause Pausing ProtocolHandler ["http-nio-8080"]
26-Nov-2024 11:34:10.334 INFO [main] org.apache.catalina.core.StandardService.stopInternal Stopping service [Catalina]
26-Nov-2024 11:34:10.352 INFO [main] org.apache.coyote.AbstractProtocol.stop Stopping ProtocolHandler ["http-nio-8080"]
26-Nov-2024 11:34:10.358 INFO [main] org.apache.coyote.AbstractProtocol.destroy Destroying ProtocolHandler ["http-nio-8080"]
