22-Oct-2024 12:26:00.315 INFO [main] org.apache.catalina.core.ApplicationContext.log ContextListener: contextInitialized()
22-Oct-2024 12:26:00.315 INFO [main] org.apache.catalina.core.ApplicationContext.log SessionListener: contextInitialized()
22-Oct-2024 12:26:00.316 INFO [main] org.apache.catalina.core.ApplicationContext.log ContextListener: attributeAdded('StockTicker', 'async.Stockticker@350ec41e')
22-Oct-2024 12:39:54.538 INFO [main] org.apache.catalina.core.ApplicationContext.log ContextListener: contextInitialized()
22-Oct-2024 12:39:54.538 INFO [main] org.apache.catalina.core.ApplicationContext.log SessionListener: contextInitialized()
22-Oct-2024 12:39:54.539 INFO [main] org.apache.catalina.core.ApplicationContext.log ContextListener: attributeAdded('StockTicker', 'async.Stockticker@16f7b4af')
22-Oct-2024 13:16:51.508 INFO [main] org.apache.catalina.core.ApplicationContext.log ContextListener: contextInitialized()
22-Oct-2024 13:16:51.508 INFO [main] org.apache.catalina.core.ApplicationContext.log SessionListener: contextInitialized()
22-Oct-2024 13:16:51.509 INFO [main] org.apache.catalina.core.ApplicationContext.log ContextListener: attributeAdded('StockTicker', 'async.Stockticker@768ccdc5')
22-Oct-2024 13:17:39.886 INFO [main] org.apache.catalina.core.ApplicationContext.log ContextListener: contextInitialized()
22-Oct-2024 13:17:39.886 INFO [main] org.apache.catalina.core.ApplicationContext.log SessionListener: contextInitialized()
22-Oct-2024 13:17:39.887 INFO [main] org.apache.catalina.core.ApplicationContext.log ContextListener: attributeAdded('StockTicker', 'async.Stockticker@64df9a61')
22-Oct-2024 13:17:39.978 INFO [main] org.apache.catalina.core.ApplicationContext.log SessionListener: contextDestroyed()
22-Oct-2024 13:17:39.978 INFO [main] org.apache.catalina.core.ApplicationContext.log ContextListener: contextDestroyed()
22-Oct-2024 13:36:15.493 INFO [main] org.apache.catalina.core.ApplicationContext.log ContextListener: contextInitialized()
22-Oct-2024 13:36:15.494 INFO [main] org.apache.catalina.core.ApplicationContext.log SessionListener: contextInitialized()
22-Oct-2024 13:36:15.495 INFO [main] org.apache.catalina.core.ApplicationContext.log ContextListener: attributeAdded('StockTicker', 'async.Stockticker@64df9a61')
22-Oct-2024 13:36:15.551 INFO [main] org.apache.catalina.core.ApplicationContext.log SessionListener: contextDestroyed()
22-Oct-2024 13:36:15.551 INFO [main] org.apache.catalina.core.ApplicationContext.log ContextListener: contextDestroyed()
22-Oct-2024 13:39:39.555 INFO [main] org.apache.catalina.core.ApplicationContext.log ContextListener: contextInitialized()
22-Oct-2024 13:39:39.555 INFO [main] org.apache.catalina.core.ApplicationContext.log SessionListener: contextInitialized()
22-Oct-2024 13:39:39.556 INFO [main] org.apache.catalina.core.ApplicationContext.log ContextListener: attributeAdded('StockTicker', 'async.Stockticker@18518ccf')
22-Oct-2024 13:41:12.246 INFO [main] org.apache.catalina.core.ApplicationContext.log ContextListener: contextInitialized()
22-Oct-2024 13:41:12.247 INFO [main] org.apache.catalina.core.ApplicationContext.log SessionListener: contextInitialized()
22-Oct-2024 13:41:12.248 INFO [main] org.apache.catalina.core.ApplicationContext.log ContextListener: attributeAdded('StockTicker', 'async.Stockticker@51850751')
22-Oct-2024 13:41:12.313 INFO [main] org.apache.catalina.core.ApplicationContext.log SessionListener: contextDestroyed()
22-Oct-2024 13:41:12.313 INFO [main] org.apache.catalina.core.ApplicationContext.log ContextListener: contextDestroyed()
22-Oct-2024 13:48:14.840 INFO [main] org.apache.catalina.core.ApplicationContext.log SessionListener: contextDestroyed()
22-Oct-2024 13:48:14.841 INFO [main] org.apache.catalina.core.ApplicationContext.log ContextListener: contextDestroyed()
22-Oct-2024 13:48:26.197 INFO [main] org.apache.catalina.core.ApplicationContext.log ContextListener: contextInitialized()
22-Oct-2024 13:48:26.198 INFO [main] org.apache.catalina.core.ApplicationContext.log SessionListener: contextInitialized()
22-Oct-2024 13:48:26.199 INFO [main] org.apache.catalina.core.ApplicationContext.log ContextListener: attributeAdded('StockTicker', 'async.Stockticker@482d776b')
22-Oct-2024 15:18:04.864 INFO [main] org.apache.catalina.core.ApplicationContext.log ContextListener: contextInitialized()
22-Oct-2024 15:18:04.864 INFO [main] org.apache.catalina.core.ApplicationContext.log SessionListener: contextInitialized()
22-Oct-2024 15:18:04.865 INFO [main] org.apache.catalina.core.ApplicationContext.log ContextListener: attributeAdded('StockTicker', 'async.Stockticker@482d776b')
