15-Dec-2024 20:22:05.989 INFO [main] org.apache.catalina.core.ApplicationContext.log ContextListener: contextInitialized()
15-Dec-2024 20:22:05.989 INFO [main] org.apache.catalina.core.ApplicationContext.log SessionListener: contextInitialized()
15-Dec-2024 20:22:05.990 INFO [main] org.apache.catalina.core.ApplicationContext.log ContextListener: attributeAdded('StockTicker', 'async.Stockticker@1c9f0a20')
15-Dec-2024 20:37:12.345 INFO [main] org.apache.catalina.core.ApplicationContext.log SessionListener: contextDestroyed()
15-Dec-2024 20:37:12.345 INFO [main] org.apache.catalina.core.ApplicationContext.log ContextListener: contextDestroyed()
15-Dec-2024 20:37:16.485 INFO [main] org.apache.catalina.core.ApplicationContext.log ContextListener: contextInitialized()
15-Dec-2024 20:37:16.486 INFO [main] org.apache.catalina.core.ApplicationContext.log SessionListener: contextInitialized()
15-Dec-2024 20:37:16.487 INFO [main] org.apache.catalina.core.ApplicationContext.log ContextListener: attributeAdded('StockTicker', 'async.Stockticker@659eef7')
15-Dec-2024 21:03:59.028 INFO [main] org.apache.catalina.core.ApplicationContext.log SessionListener: contextDestroyed()
15-Dec-2024 21:03:59.028 INFO [main] org.apache.catalina.core.ApplicationContext.log ContextListener: contextDestroyed()
15-Dec-2024 21:04:00.524 INFO [main] org.apache.catalina.core.ApplicationContext.log ContextListener: contextInitialized()
15-Dec-2024 21:04:00.524 INFO [main] org.apache.catalina.core.ApplicationContext.log SessionListener: contextInitialized()
15-Dec-2024 21:04:00.526 INFO [main] org.apache.catalina.core.ApplicationContext.log ContextListener: attributeAdded('StockTicker', 'async.Stockticker@1c9f0a20')
15-Dec-2024 21:04:26.588 SEVERE [http-nio-8080-exec-2] org.apache.catalina.core.StandardWrapperValve.invoke Servlet.service() for servlet [jsp] in context with path [/ci502] threw exception [java.lang.UnsupportedClassVersionError: user/UserData has been compiled by a more recent version of the Java Runtime (class file version 65.0), this version of the Java Runtime only recognizes class file versions up to 61.0 (unable to load class [user.UserData])] with root cause
	java.lang.UnsupportedClassVersionError: user/UserData has been compiled by a more recent version of the Java Runtime (class file version 65.0), this version of the Java Runtime only recognizes class file versions up to 61.0 (unable to load class [user.UserData])
		at org.apache.catalina.loader.WebappClassLoaderBase.findClassInternal(WebappClassLoaderBase.java:2356)
		at org.apache.catalina.loader.WebappClassLoaderBase.findClass(WebappClassLoaderBase.java:800)
		at org.apache.catalina.loader.WebappClassLoaderBase.loadClass(WebappClassLoaderBase.java:1317)
		at org.apache.catalina.loader.WebappClassLoaderBase.loadClass(WebappClassLoaderBase.java:1165)
		at org.apache.jasper.compiler.Generator$GenerateVisitor.visit(Generator.java:1346)
		at org.apache.jasper.compiler.Node$UseBean.accept(Node.java:1185)
		at org.apache.jasper.compiler.Node$Nodes.visit(Node.java:2383)
		at org.apache.jasper.compiler.Node$Visitor.visitBody(Node.java:2439)
		at org.apache.jasper.compiler.Node$Visitor.visit(Node.java:2445)
		at org.apache.jasper.compiler.Node$Root.accept(Node.java:469)
		at org.apache.jasper.compiler.Node$Nodes.visit(Node.java:2383)
		at org.apache.jasper.compiler.Generator.generate(Generator.java:3367)
		at org.apache.jasper.compiler.Compiler.generateJava(Compiler.java:262)
		at org.apache.jasper.compiler.Compiler.compile(Compiler.java:396)
		at org.apache.jasper.compiler.Compiler.compile(Compiler.java:372)
		at org.apache.jasper.compiler.Compiler.compile(Compiler.java:356)
		at org.apache.jasper.JspCompilationContext.compile(JspCompilationContext.java:603)
		at org.apache.jasper.servlet.JspServletWrapper.service(JspServletWrapper.java:396)
		at org.apache.jasper.servlet.JspServlet.serviceJspFile(JspServlet.java:380)
		at org.apache.jasper.servlet.JspServlet.service(JspServlet.java:328)
		at jakarta.servlet.http.HttpServlet.service(HttpServlet.java:658)
		at org.apache.catalina.core.ApplicationFilterChain.internalDoFilter(ApplicationFilterChain.java:205)
		at org.apache.catalina.core.ApplicationFilterChain.doFilter(ApplicationFilterChain.java:149)
		at org.apache.tomcat.websocket.server.WsFilter.doFilter(WsFilter.java:51)
		at org.apache.catalina.core.ApplicationFilterChain.internalDoFilter(ApplicationFilterChain.java:174)
		at org.apache.catalina.core.ApplicationFilterChain.doFilter(ApplicationFilterChain.java:149)
		at org.apache.catalina.core.StandardWrapperValve.invoke(StandardWrapperValve.java:167)
		at org.apache.catalina.core.StandardContextValve.invoke(StandardContextValve.java:90)
		at org.apache.catalina.authenticator.AuthenticatorBase.invoke(AuthenticatorBase.java:482)
		at org.apache.catalina.core.StandardHostValve.invoke(StandardHostValve.java:115)
		at org.apache.catalina.valves.ErrorReportValve.invoke(ErrorReportValve.java:93)
		at org.apache.catalina.valves.AbstractAccessLogValve.invoke(AbstractAccessLogValve.java:673)
		at org.apache.catalina.core.StandardEngineValve.invoke(StandardEngineValve.java:74)
		at org.apache.catalina.connector.CoyoteAdapter.service(CoyoteAdapter.java:340)
		at org.apache.coyote.http11.Http11Processor.service(Http11Processor.java:391)
		at org.apache.coyote.AbstractProcessorLight.process(AbstractProcessorLight.java:63)
		at org.apache.coyote.AbstractProtocol$ConnectionHandler.process(AbstractProtocol.java:896)
		at org.apache.tomcat.util.net.NioEndpoint$SocketProcessor.doRun(NioEndpoint.java:1744)
		at org.apache.tomcat.util.net.SocketProcessorBase.run(SocketProcessorBase.java:52)
		at org.apache.tomcat.util.threads.ThreadPoolExecutor.runWorker(ThreadPoolExecutor.java:1191)
		at org.apache.tomcat.util.threads.ThreadPoolExecutor$Worker.run(ThreadPoolExecutor.java:659)
		at org.apache.tomcat.util.threads.TaskThread$WrappingRunnable.run(TaskThread.java:61)
		at java.base/java.lang.Thread.run(Thread.java:833)
15-Dec-2024 21:04:46.041 SEVERE [http-nio-8080-exec-3] org.apache.catalina.core.StandardWrapperValve.invoke Servlet.service() for servlet [jsp] in context with path [/ci502] threw exception [java.lang.UnsupportedClassVersionError: user/UserData has been compiled by a more recent version of the Java Runtime (class file version 65.0), this version of the Java Runtime only recognizes class file versions up to 61.0 (unable to load class [user.UserData])] with root cause
	java.lang.UnsupportedClassVersionError: user/UserData has been compiled by a more recent version of the Java Runtime (class file version 65.0), this version of the Java Runtime only recognizes class file versions up to 61.0 (unable to load class [user.UserData])
		at org.apache.catalina.loader.WebappClassLoaderBase.findClassInternal(WebappClassLoaderBase.java:2356)
		at org.apache.catalina.loader.WebappClassLoaderBase.findClass(WebappClassLoaderBase.java:800)
		at org.apache.catalina.loader.WebappClassLoaderBase.loadClass(WebappClassLoaderBase.java:1317)
		at org.apache.catalina.loader.WebappClassLoaderBase.loadClass(WebappClassLoaderBase.java:1165)
		at org.apache.jasper.compiler.Generator$GenerateVisitor.visit(Generator.java:1346)
		at org.apache.jasper.compiler.Node$UseBean.accept(Node.java:1185)
		at org.apache.jasper.compiler.Node$Nodes.visit(Node.java:2383)
		at org.apache.jasper.compiler.Node$Visitor.visitBody(Node.java:2439)
		at org.apache.jasper.compiler.Node$Visitor.visit(Node.java:2445)
		at org.apache.jasper.compiler.Node$Root.accept(Node.java:469)
		at org.apache.jasper.compiler.Node$Nodes.visit(Node.java:2383)
		at org.apache.jasper.compiler.Generator.generate(Generator.java:3367)
		at org.apache.jasper.compiler.Compiler.generateJava(Compiler.java:262)
		at org.apache.jasper.compiler.Compiler.compile(Compiler.java:396)
		at org.apache.jasper.compiler.Compiler.compile(Compiler.java:372)
		at org.apache.jasper.compiler.Compiler.compile(Compiler.java:356)
		at org.apache.jasper.JspCompilationContext.compile(JspCompilationContext.java:603)
		at org.apache.jasper.servlet.JspServletWrapper.service(JspServletWrapper.java:396)
		at org.apache.jasper.servlet.JspServlet.serviceJspFile(JspServlet.java:380)
		at org.apache.jasper.servlet.JspServlet.service(JspServlet.java:328)
		at jakarta.servlet.http.HttpServlet.service(HttpServlet.java:658)
		at org.apache.catalina.core.ApplicationFilterChain.internalDoFilter(ApplicationFilterChain.java:205)
		at org.apache.catalina.core.ApplicationFilterChain.doFilter(ApplicationFilterChain.java:149)
		at org.apache.tomcat.websocket.server.WsFilter.doFilter(WsFilter.java:51)
		at org.apache.catalina.core.ApplicationFilterChain.internalDoFilter(ApplicationFilterChain.java:174)
		at org.apache.catalina.core.ApplicationFilterChain.doFilter(ApplicationFilterChain.java:149)
		at org.apache.catalina.core.StandardWrapperValve.invoke(StandardWrapperValve.java:167)
		at org.apache.catalina.core.StandardContextValve.invoke(StandardContextValve.java:90)
		at org.apache.catalina.authenticator.AuthenticatorBase.invoke(AuthenticatorBase.java:482)
		at org.apache.catalina.core.StandardHostValve.invoke(StandardHostValve.java:115)
		at org.apache.catalina.valves.ErrorReportValve.invoke(ErrorReportValve.java:93)
		at org.apache.catalina.valves.AbstractAccessLogValve.invoke(AbstractAccessLogValve.java:673)
		at org.apache.catalina.core.StandardEngineValve.invoke(StandardEngineValve.java:74)
		at org.apache.catalina.connector.CoyoteAdapter.service(CoyoteAdapter.java:340)
		at org.apache.coyote.http11.Http11Processor.service(Http11Processor.java:391)
		at org.apache.coyote.AbstractProcessorLight.process(AbstractProcessorLight.java:63)
		at org.apache.coyote.AbstractProtocol$ConnectionHandler.process(AbstractProtocol.java:896)
		at org.apache.tomcat.util.net.NioEndpoint$SocketProcessor.doRun(NioEndpoint.java:1744)
		at org.apache.tomcat.util.net.SocketProcessorBase.run(SocketProcessorBase.java:52)
		at org.apache.tomcat.util.threads.ThreadPoolExecutor.runWorker(ThreadPoolExecutor.java:1191)
		at org.apache.tomcat.util.threads.ThreadPoolExecutor$Worker.run(ThreadPoolExecutor.java:659)
		at org.apache.tomcat.util.threads.TaskThread$WrappingRunnable.run(TaskThread.java:61)
		at java.base/java.lang.Thread.run(Thread.java:833)
15-Dec-2024 21:06:35.662 INFO [main] org.apache.catalina.core.ApplicationContext.log SessionListener: contextDestroyed()
15-Dec-2024 21:06:35.662 INFO [main] org.apache.catalina.core.ApplicationContext.log ContextListener: contextDestroyed()
15-Dec-2024 21:06:37.085 INFO [main] org.apache.catalina.core.ApplicationContext.log ContextListener: contextInitialized()
15-Dec-2024 21:06:37.086 INFO [main] org.apache.catalina.core.ApplicationContext.log SessionListener: contextInitialized()
15-Dec-2024 21:06:37.087 INFO [main] org.apache.catalina.core.ApplicationContext.log ContextListener: attributeAdded('StockTicker', 'async.Stockticker@1c9f0a20')
15-Dec-2024 21:18:04.287 INFO [main] org.apache.catalina.core.ApplicationContext.log SessionListener: contextDestroyed()
15-Dec-2024 21:18:04.287 INFO [main] org.apache.catalina.core.ApplicationContext.log ContextListener: contextDestroyed()
15-Dec-2024 21:18:05.722 INFO [main] org.apache.catalina.core.ApplicationContext.log ContextListener: contextInitialized()
15-Dec-2024 21:18:05.722 INFO [main] org.apache.catalina.core.ApplicationContext.log SessionListener: contextInitialized()
15-Dec-2024 21:18:05.723 INFO [main] org.apache.catalina.core.ApplicationContext.log ContextListener: attributeAdded('StockTicker', 'async.Stockticker@297ea53a')
15-Dec-2024 21:23:52.767 INFO [main] org.apache.catalina.core.ApplicationContext.log SessionListener: contextDestroyed()
15-Dec-2024 21:23:52.767 INFO [main] org.apache.catalina.core.ApplicationContext.log ContextListener: contextDestroyed()
15-Dec-2024 21:23:54.027 INFO [main] org.apache.catalina.core.ApplicationContext.log ContextListener: contextInitialized()
15-Dec-2024 21:23:54.027 INFO [main] org.apache.catalina.core.ApplicationContext.log SessionListener: contextInitialized()
15-Dec-2024 21:23:54.028 INFO [main] org.apache.catalina.core.ApplicationContext.log ContextListener: attributeAdded('StockTicker', 'async.Stockticker@1cd201a8')
15-Dec-2024 21:24:27.394 INFO [main] org.apache.catalina.core.ApplicationContext.log SessionListener: contextDestroyed()
15-Dec-2024 21:24:27.394 INFO [main] org.apache.catalina.core.ApplicationContext.log ContextListener: contextDestroyed()
15-Dec-2024 21:24:28.566 INFO [main] org.apache.catalina.core.ApplicationContext.log ContextListener: contextInitialized()
15-Dec-2024 21:24:28.566 INFO [main] org.apache.catalina.core.ApplicationContext.log SessionListener: contextInitialized()
15-Dec-2024 21:24:28.567 INFO [main] org.apache.catalina.core.ApplicationContext.log ContextListener: attributeAdded('StockTicker', 'async.Stockticker@162be91c')
15-Dec-2024 21:27:04.075 INFO [main] org.apache.catalina.core.ApplicationContext.log SessionListener: contextDestroyed()
15-Dec-2024 21:27:04.075 INFO [main] org.apache.catalina.core.ApplicationContext.log ContextListener: contextDestroyed()
15-Dec-2024 21:27:05.278 INFO [main] org.apache.catalina.core.ApplicationContext.log ContextListener: contextInitialized()
15-Dec-2024 21:27:05.278 INFO [main] org.apache.catalina.core.ApplicationContext.log SessionListener: contextInitialized()
15-Dec-2024 21:27:05.279 INFO [main] org.apache.catalina.core.ApplicationContext.log ContextListener: attributeAdded('StockTicker', 'async.Stockticker@162be91c')
15-Dec-2024 21:28:11.251 INFO [main] org.apache.catalina.core.ApplicationContext.log SessionListener: contextDestroyed()
15-Dec-2024 21:28:11.251 INFO [main] org.apache.catalina.core.ApplicationContext.log ContextListener: contextDestroyed()
15-Dec-2024 21:28:12.432 INFO [main] org.apache.catalina.core.ApplicationContext.log ContextListener: contextInitialized()
15-Dec-2024 21:28:12.432 INFO [main] org.apache.catalina.core.ApplicationContext.log SessionListener: contextInitialized()
15-Dec-2024 21:28:12.433 INFO [main] org.apache.catalina.core.ApplicationContext.log ContextListener: attributeAdded('StockTicker', 'async.Stockticker@2488b073')
15-Dec-2024 21:30:00.888 INFO [main] org.apache.catalina.core.ApplicationContext.log SessionListener: contextDestroyed()
15-Dec-2024 21:30:00.888 INFO [main] org.apache.catalina.core.ApplicationContext.log ContextListener: contextDestroyed()
15-Dec-2024 21:30:02.194 INFO [main] org.apache.catalina.core.ApplicationContext.log ContextListener: contextInitialized()
15-Dec-2024 21:30:02.194 INFO [main] org.apache.catalina.core.ApplicationContext.log SessionListener: contextInitialized()
15-Dec-2024 21:30:02.196 INFO [main] org.apache.catalina.core.ApplicationContext.log ContextListener: attributeAdded('StockTicker', 'async.Stockticker@1c9f0a20')
15-Dec-2024 21:30:48.874 INFO [main] org.apache.catalina.core.ApplicationContext.log SessionListener: contextDestroyed()
15-Dec-2024 21:30:48.874 INFO [main] org.apache.catalina.core.ApplicationContext.log ContextListener: contextDestroyed()
15-Dec-2024 21:30:50.027 INFO [main] org.apache.catalina.core.ApplicationContext.log ContextListener: contextInitialized()
15-Dec-2024 21:30:50.027 INFO [main] org.apache.catalina.core.ApplicationContext.log SessionListener: contextInitialized()
15-Dec-2024 21:30:50.028 INFO [main] org.apache.catalina.core.ApplicationContext.log ContextListener: attributeAdded('StockTicker', 'async.Stockticker@2488b073')
15-Dec-2024 21:31:48.960 INFO [main] org.apache.catalina.core.ApplicationContext.log SessionListener: contextDestroyed()
15-Dec-2024 21:31:48.960 INFO [main] org.apache.catalina.core.ApplicationContext.log ContextListener: contextDestroyed()
15-Dec-2024 21:31:50.114 INFO [main] org.apache.catalina.core.ApplicationContext.log ContextListener: contextInitialized()
15-Dec-2024 21:31:50.114 INFO [main] org.apache.catalina.core.ApplicationContext.log SessionListener: contextInitialized()
15-Dec-2024 21:31:50.115 INFO [main] org.apache.catalina.core.ApplicationContext.log ContextListener: attributeAdded('StockTicker', 'async.Stockticker@1c9f0a20')
15-Dec-2024 21:33:48.795 INFO [main] org.apache.catalina.core.ApplicationContext.log SessionListener: contextDestroyed()
15-Dec-2024 21:33:48.795 INFO [main] org.apache.catalina.core.ApplicationContext.log ContextListener: contextDestroyed()
15-Dec-2024 21:33:52.866 INFO [main] org.apache.catalina.core.ApplicationContext.log ContextListener: contextInitialized()
15-Dec-2024 21:33:52.866 INFO [main] org.apache.catalina.core.ApplicationContext.log SessionListener: contextInitialized()
15-Dec-2024 21:33:52.867 INFO [main] org.apache.catalina.core.ApplicationContext.log ContextListener: attributeAdded('StockTicker', 'async.Stockticker@1c9f0a20')
15-Dec-2024 21:36:04.124 INFO [main] org.apache.catalina.core.ApplicationContext.log ContextListener: contextInitialized()
15-Dec-2024 21:36:04.124 INFO [main] org.apache.catalina.core.ApplicationContext.log SessionListener: contextInitialized()
15-Dec-2024 21:36:04.126 INFO [main] org.apache.catalina.core.ApplicationContext.log ContextListener: attributeAdded('StockTicker', 'async.Stockticker@1cd201a8')
15-Dec-2024 21:42:26.323 INFO [main] org.apache.catalina.core.ApplicationContext.log SessionListener: contextDestroyed()
15-Dec-2024 21:42:26.323 INFO [main] org.apache.catalina.core.ApplicationContext.log ContextListener: contextDestroyed()
15-Dec-2024 21:42:29.342 INFO [main] org.apache.catalina.core.ApplicationContext.log ContextListener: contextInitialized()
15-Dec-2024 21:42:29.342 INFO [main] org.apache.catalina.core.ApplicationContext.log SessionListener: contextInitialized()
15-Dec-2024 21:42:29.343 INFO [main] org.apache.catalina.core.ApplicationContext.log ContextListener: attributeAdded('StockTicker', 'async.Stockticker@162be91c')
15-Dec-2024 21:43:54.351 INFO [main] org.apache.catalina.core.ApplicationContext.log SessionListener: contextDestroyed()
15-Dec-2024 21:43:54.351 INFO [main] org.apache.catalina.core.ApplicationContext.log ContextListener: contextDestroyed()
15-Dec-2024 21:43:55.681 INFO [main] org.apache.catalina.core.ApplicationContext.log ContextListener: contextInitialized()
15-Dec-2024 21:43:55.681 INFO [main] org.apache.catalina.core.ApplicationContext.log SessionListener: contextInitialized()
15-Dec-2024 21:43:55.683 INFO [main] org.apache.catalina.core.ApplicationContext.log ContextListener: attributeAdded('StockTicker', 'async.Stockticker@1c9f0a20')
15-Dec-2024 21:46:00.383 INFO [main] org.apache.catalina.core.ApplicationContext.log SessionListener: contextDestroyed()
15-Dec-2024 21:46:00.383 INFO [main] org.apache.catalina.core.ApplicationContext.log ContextListener: contextDestroyed()
15-Dec-2024 21:46:01.600 INFO [main] org.apache.catalina.core.ApplicationContext.log ContextListener: contextInitialized()
15-Dec-2024 21:46:01.600 INFO [main] org.apache.catalina.core.ApplicationContext.log SessionListener: contextInitialized()
15-Dec-2024 21:46:01.601 INFO [main] org.apache.catalina.core.ApplicationContext.log ContextListener: attributeAdded('StockTicker', 'async.Stockticker@2488b073')
15-Dec-2024 21:48:45.650 INFO [main] org.apache.catalina.core.ApplicationContext.log SessionListener: contextDestroyed()
15-Dec-2024 21:48:45.650 INFO [main] org.apache.catalina.core.ApplicationContext.log ContextListener: contextDestroyed()
15-Dec-2024 21:48:47.025 INFO [main] org.apache.catalina.core.ApplicationContext.log ContextListener: contextInitialized()
15-Dec-2024 21:48:47.025 INFO [main] org.apache.catalina.core.ApplicationContext.log SessionListener: contextInitialized()
15-Dec-2024 21:48:47.027 INFO [main] org.apache.catalina.core.ApplicationContext.log ContextListener: attributeAdded('StockTicker', 'async.Stockticker@1cd201a8')
15-Dec-2024 21:49:04.500 INFO [main] org.apache.catalina.core.ApplicationContext.log SessionListener: contextDestroyed()
15-Dec-2024 21:49:04.500 INFO [main] org.apache.catalina.core.ApplicationContext.log ContextListener: contextDestroyed()
15-Dec-2024 21:49:05.978 INFO [main] org.apache.catalina.core.ApplicationContext.log ContextListener: contextInitialized()
15-Dec-2024 21:49:05.978 INFO [main] org.apache.catalina.core.ApplicationContext.log SessionListener: contextInitialized()
15-Dec-2024 21:49:05.979 INFO [main] org.apache.catalina.core.ApplicationContext.log ContextListener: attributeAdded('StockTicker', 'async.Stockticker@162be91c')
15-Dec-2024 21:49:28.729 INFO [main] org.apache.catalina.core.ApplicationContext.log SessionListener: contextDestroyed()
15-Dec-2024 21:49:28.729 INFO [main] org.apache.catalina.core.ApplicationContext.log ContextListener: contextDestroyed()
15-Dec-2024 21:49:30.132 INFO [main] org.apache.catalina.core.ApplicationContext.log ContextListener: contextInitialized()
15-Dec-2024 21:49:30.133 INFO [main] org.apache.catalina.core.ApplicationContext.log SessionListener: contextInitialized()
15-Dec-2024 21:49:30.134 INFO [main] org.apache.catalina.core.ApplicationContext.log ContextListener: attributeAdded('StockTicker', 'async.Stockticker@1c9f0a20')
15-Dec-2024 22:08:40.524 INFO [main] org.apache.catalina.core.ApplicationContext.log SessionListener: contextDestroyed()
15-Dec-2024 22:08:40.524 INFO [main] org.apache.catalina.core.ApplicationContext.log ContextListener: contextDestroyed()
15-Dec-2024 22:08:41.873 INFO [main] org.apache.catalina.core.ApplicationContext.log ContextListener: contextInitialized()
15-Dec-2024 22:08:41.873 INFO [main] org.apache.catalina.core.ApplicationContext.log SessionListener: contextInitialized()
15-Dec-2024 22:08:41.875 INFO [main] org.apache.catalina.core.ApplicationContext.log ContextListener: attributeAdded('StockTicker', 'async.Stockticker@1c9f0a20')
15-Dec-2024 22:11:28.984 INFO [main] org.apache.catalina.core.ApplicationContext.log SessionListener: contextDestroyed()
15-Dec-2024 22:11:28.984 INFO [main] org.apache.catalina.core.ApplicationContext.log ContextListener: contextDestroyed()
15-Dec-2024 22:11:30.287 INFO [main] org.apache.catalina.core.ApplicationContext.log ContextListener: contextInitialized()
15-Dec-2024 22:11:30.287 INFO [main] org.apache.catalina.core.ApplicationContext.log SessionListener: contextInitialized()
15-Dec-2024 22:11:30.288 INFO [main] org.apache.catalina.core.ApplicationContext.log ContextListener: attributeAdded('StockTicker', 'async.Stockticker@162be91c')
